#
# There is insufficient memory for the Java Runtime Environment to continue.
# Native memory allocation (malloc) failed to allocate 1370736 bytes for Chunk::new
# Possible reasons:
#   The system is out of physical RAM or swap space
#   The process is running with CompressedOops enabled, and the Java Heap may be blocking the growth of the native heap
# Possible solutions:
#   Reduce memory load on the system
#   Increase physical memory or swap space
#   Check if swap backing store is full
#   Decrease Java heap size (-Xmx/-Xms)
#   Decrease number of Java threads
#   Decrease Java thread stack sizes (-Xss)
#   Set larger code cache with -XX:ReservedCodeCacheSize=
#   JVM is running with Unscaled Compressed Oops mode in which the Java heap is
#     placed in the first 4GB address space. The Java Heap base address is the
#     maximum limit for the native heap growth. Please use -XX:HeapBaseMinAddress
#     to set the Java Heap base and to place the Java Heap above 4GB virtual address.
# This output file may be truncated or incomplete.
#
#  Out of Memory Error (arena.cpp:197), pid=4380, tid=9852
#
# JRE version: OpenJDK Runtime Environment Corretto-11.0.20.8.1 (11.0.20+8) (build 11.0.20+8-LTS)
# Java VM: OpenJDK 64-Bit Server VM Corretto-11.0.20.8.1 (11.0.20+8-LTS, mixed mode, tiered, compressed oops, g1 gc, windows-amd64)
# No core dump will be written. Minidumps are not enabled by default on client versions of Windows
#

---------------  S U M M A R Y ------------

Command Line: -Dorg.gradle.native=false -Xmx512m -Dfile.encoding=windows-1251 -Duser.country=RU -Duser.language=ru -Duser.variant -ea worker.org.gradle.process.internal.worker.GradleWorkerMain 'Gradle Test Executor 1'

Host: Intel(R) Pentium(R) CPU        P6200  @ 2.13GHz, 2 cores, 3G,  Windows 10 , 64 bit Build 19041 (10.0.19041.3570)
Time: Mon Oct 23 22:29:48 2023 RTZ 2 (s 10 , 64 bit Build 19041 (10.0.19041.3570) elapsed time: 15.729143 seconds (0d 0h 0m 15s)

---------------  T H R E A D  ---------------

Current thread (0x00000219eb6f3000):  JavaThread "C2 CompilerThread0" daemon [_thread_in_native, id=9852, stack(0x000000bcb3e00000,0x000000bcb3f00000)]


Current CompileTask:
C2:  15729 3259   !   4       jdk.internal.loader.BuiltinClassLoader::loadClassOrNull (143 bytes)

Stack: [0x000000bcb3e00000,0x000000bcb3f00000]
Native frames: (J=compiled Java code, j=interpreted, Vv=VM code, C=native code)
V  [jvm.dll+0x62418a]
V  [jvm.dll+0x7b1d69]
V  [jvm.dll+0x7b3458]
V  [jvm.dll+0x7b3b33]
V  [jvm.dll+0x250148]
V  [jvm.dll+0xc264c]
V  [jvm.dll+0xc2c0c]
V  [jvm.dll+0x35cfa7]
V  [jvm.dll+0x19eff1]
V  [jvm.dll+0x209685]
V  [jvm.dll+0x2086fd]
V  [jvm.dll+0x18a6b1]
V  [jvm.dll+0x217da4]
V  [jvm.dll+0x215feb]
V  [jvm.dll+0x774840]
V  [jvm.dll+0x76d634]
V  [jvm.dll+0x622ff5]
C  [ucrtbase.dll+0x21bb2]
C  [KERNEL32.DLL+0x17344]
C  [ntdll.dll+0x526b1]


---------------  P R O C E S S  ---------------

Threads class SMR info:
_java_thread_list=0x00000219ed495f70, length=19, elements={
0x00000219d0bd9800, 0x00000219eb6e3800, 0x00000219eb6ed800, 0x00000219eb6de800,
0x00000219eb6df800, 0x00000219eb6e0800, 0x00000219eb6f3000, 0x00000219eb6f6000,
0x00000219eb6f7800, 0x00000219ec1bd000, 0x00000219ec8dd800, 0x00000219ec944800,
0x00000219ec93b000, 0x00000219ed6f5000, 0x00000219ed9e3000, 0x00000219ef7c9800,
0x00000219ef979800, 0x00000219edbad000, 0x00000219ef68b800
}

Java Threads: ( => current thread )
  0x00000219d0bd9800 JavaThread "main" [_thread_blocked, id=9764, stack(0x000000bcb3200000,0x000000bcb3300000)]
  0x00000219eb6e3800 JavaThread "Reference Handler" daemon [_thread_blocked, id=8852, stack(0x000000bcb3900000,0x000000bcb3a00000)]
  0x00000219eb6ed800 JavaThread "Finalizer" daemon [_thread_blocked, id=3780, stack(0x000000bcb3a00000,0x000000bcb3b00000)]
  0x00000219eb6de800 JavaThread "Signal Dispatcher" daemon [_thread_blocked, id=6776, stack(0x000000bcb3b00000,0x000000bcb3c00000)]
  0x00000219eb6df800 JavaThread "Attach Listener" daemon [_thread_blocked, id=6600, stack(0x000000bcb3c00000,0x000000bcb3d00000)]
  0x00000219eb6e0800 JavaThread "Service Thread" daemon [_thread_blocked, id=6252, stack(0x000000bcb3d00000,0x000000bcb3e00000)]
=>0x00000219eb6f3000 JavaThread "C2 CompilerThread0" daemon [_thread_in_native, id=9852, stack(0x000000bcb3e00000,0x000000bcb3f00000)]
  0x00000219eb6f6000 JavaThread "C1 CompilerThread0" daemon [_thread_blocked, id=9244, stack(0x000000bcb3f00000,0x000000bcb4000000)]
  0x00000219eb6f7800 JavaThread "Sweeper thread" daemon [_thread_blocked, id=9240, stack(0x000000bcb4000000,0x000000bcb4100000)]
  0x00000219ec1bd000 JavaThread "Common-Cleaner" daemon [_thread_blocked, id=6276, stack(0x000000bcb4200000,0x000000bcb4300000)]
  0x00000219ec8dd800 JavaThread "Test worker" [_thread_in_native, id=9040, stack(0x000000bcb4500000,0x000000bcb4600000)]
  0x00000219ec944800 JavaThread "/127.0.0.1:57533 to /127.0.0.1:57530 workers Thread 2" [_thread_blocked, id=6140, stack(0x000000bcb4600000,0x000000bcb4700000)]
  0x00000219ec93b000 JavaThread "/127.0.0.1:57533 to /127.0.0.1:57530 workers Thread 3" [_thread_in_native, id=3372, stack(0x000000bcb4700000,0x000000bcb4800000)]
  0x00000219ed6f5000 JavaThread "pool-1-thread-1" daemon [_thread_blocked, id=5132, stack(0x000000bcb4800000,0x000000bcb4900000)]
  0x00000219ed9e3000 JavaThread "pool-1-thread-2" daemon [_thread_blocked, id=6700, stack(0x000000bcb4900000,0x000000bcb4a00000)]
  0x00000219ef7c9800 JavaThread "pool-1-thread-3" daemon [_thread_blocked, id=8208, stack(0x000000bcb4a00000,0x000000bcb4b00000)]
  0x00000219ef979800 JavaThread "pool-1-thread-4" daemon [_thread_blocked, id=2992, stack(0x000000bcb4b00000,0x000000bcb4c00000)]
  0x00000219edbad000 JavaThread "pool-1-thread-5" daemon [_thread_blocked, id=9320, stack(0x000000bcb4c00000,0x000000bcb4d00000)]
  0x00000219ef68b800 JavaThread "pool-1-thread-6" daemon [_thread_blocked, id=5196, stack(0x000000bcb4d00000,0x000000bcb4e00000)]

Other Threads:
  0x00000219eb6cd000 VMThread "VM Thread" [stack: 0x000000bcb3800000,0x000000bcb3900000] [id=8984]
  0x00000219ec1b5000 WatcherThread [stack: 0x000000bcb4100000,0x000000bcb4200000] [id=6684]
  0x00000219d0bf0000 GCTaskThread "GC Thread#0" [stack: 0x000000bcb3300000,0x000000bcb3400000] [id=212]
  0x00000219ec593800 GCTaskThread "GC Thread#1" [stack: 0x000000bcb4300000,0x000000bcb4400000] [id=6260]
  0x00000219d0c00000 ConcurrentGCThread "G1 Main Marker" [stack: 0x000000bcb3400000,0x000000bcb3500000] [id=5960]
  0x00000219d0c02800 ConcurrentGCThread "G1 Conc#0" [stack: 0x000000bcb3500000,0x000000bcb3600000] [id=1088]
  0x00000219d0c4d000 ConcurrentGCThread "G1 Refine#0" [stack: 0x000000bcb3600000,0x000000bcb3700000] [id=2240]
  0x00000219d0c4e000 ConcurrentGCThread "G1 Young RemSet Sampling" [stack: 0x000000bcb3700000,0x000000bcb3800000] [id=6580]

Threads with active compile tasks:
C2 CompilerThread0    15817 3259   !   4       jdk.internal.loader.BuiltinClassLoader::loadClassOrNull (143 bytes)

VM state:not at safepoint (normal execution)

VM Mutex/Monitor currently owned by a thread: None

Heap address: 0x00000000e0000000, size: 512 MB, Compressed Oops mode: 32-bit
Narrow klass base: 0x0000000000000000, Narrow klass shift: 3
Compressed class space size: 1073741824 Address: 0x0000000100000000

Heap:
 garbage-first heap   total 73728K, used 24576K [0x00000000e0000000, 0x0000000100000000)
  region size 1024K, 7 young (7168K), 2 survivors (2048K)
 Metaspace       used 32937K, capacity 34229K, committed 34480K, reserved 1079296K
  class space    used 3761K, capacity 4284K, committed 4352K, reserved 1048576K
Heap Regions: E=young(eden), S=young(survivor), O=old, HS=humongous(starts), HC=humongous(continues), CS=collection set, F=free, A=archive, TAMS=top-at-mark-start (previous, next)
|   0|0x00000000e0000000, 0x00000000e0100000, 0x00000000e0100000|100%| O|  |TAMS 0x00000000e0100000, 0x00000000e0000000| Untracked 
|   1|0x00000000e0100000, 0x00000000e0200000, 0x00000000e0200000|100%| O|  |TAMS 0x00000000e0200000, 0x00000000e0100000| Untracked 
|   2|0x00000000e0200000, 0x00000000e0300000, 0x00000000e0300000|100%| O|  |TAMS 0x00000000e0300000, 0x00000000e0200000| Untracked 
|   3|0x00000000e0300000, 0x00000000e0400000, 0x00000000e0400000|100%| O|  |TAMS 0x00000000e0400000, 0x00000000e0300000| Untracked 
|   4|0x00000000e0400000, 0x00000000e0500000, 0x00000000e0500000|100%| O|  |TAMS 0x00000000e0500000, 0x00000000e0400000| Untracked 
|   5|0x00000000e0500000, 0x00000000e0600000, 0x00000000e0600000|100%| O|  |TAMS 0x00000000e0500000, 0x00000000e0500000| Untracked 
|   6|0x00000000e0600000, 0x00000000e0700000, 0x00000000e0700000|100%| O|  |TAMS 0x00000000e0600000, 0x00000000e0600000| Untracked 
|   7|0x00000000e0700000, 0x00000000e0800000, 0x00000000e0800000|100%| O|  |TAMS 0x00000000e0700000, 0x00000000e0700000| Untracked 
|   8|0x00000000e0800000, 0x00000000e0900000, 0x00000000e0900000|100%| O|  |TAMS 0x00000000e0900000, 0x00000000e0800000| Untracked 
|   9|0x00000000e0900000, 0x00000000e0a00000, 0x00000000e0a00000|100%| O|  |TAMS 0x00000000e0989400, 0x00000000e0900000| Untracked 
|  10|0x00000000e0a00000, 0x00000000e0b00000, 0x00000000e0b00000|100%| O|  |TAMS 0x00000000e0a00000, 0x00000000e0a00000| Untracked 
|  11|0x00000000e0b00000, 0x00000000e0c00000, 0x00000000e0c00000|100%| O|  |TAMS 0x00000000e0b00000, 0x00000000e0b00000| Untracked 
|  12|0x00000000e0c00000, 0x00000000e0d00000, 0x00000000e0d00000|100%| O|  |TAMS 0x00000000e0c00000, 0x00000000e0c00000| Untracked 
|  13|0x00000000e0d00000, 0x00000000e0e00000, 0x00000000e0e00000|100%| O|  |TAMS 0x00000000e0d00000, 0x00000000e0d00000| Untracked 
|  14|0x00000000e0e00000, 0x00000000e0f00000, 0x00000000e0f00000|100%| O|  |TAMS 0x00000000e0e00000, 0x00000000e0e00000| Untracked 
|  15|0x00000000e0f00000, 0x00000000e1000000, 0x00000000e1000000|100%| O|  |TAMS 0x00000000e0f00000, 0x00000000e0f00000| Untracked 
|  16|0x00000000e1000000, 0x00000000e1100000, 0x00000000e1100000|100%| O|  |TAMS 0x00000000e1000000, 0x00000000e1000000| Untracked 
|  17|0x00000000e1100000, 0x00000000e1200000, 0x00000000e1200000|100%| O|  |TAMS 0x00000000e1100000, 0x00000000e1100000| Untracked 
|  18|0x00000000e1200000, 0x00000000e1200000, 0x00000000e1300000|  0%| F|  |TAMS 0x00000000e1200000, 0x00000000e1200000| Untracked 
|  19|0x00000000e1300000, 0x00000000e1300000, 0x00000000e1400000|  0%| F|  |TAMS 0x00000000e1300000, 0x00000000e1300000| Untracked 
|  20|0x00000000e1400000, 0x00000000e1400000, 0x00000000e1500000|  0%| F|  |TAMS 0x00000000e1400000, 0x00000000e1400000| Untracked 
|  21|0x00000000e1500000, 0x00000000e1500000, 0x00000000e1600000|  0%| F|  |TAMS 0x00000000e1500000, 0x00000000e1500000| Untracked 
|  22|0x00000000e1600000, 0x00000000e1600000, 0x00000000e1700000|  0%| F|  |TAMS 0x00000000e1600000, 0x00000000e1600000| Untracked 
|  23|0x00000000e1700000, 0x00000000e1700000, 0x00000000e1800000|  0%| F|  |TAMS 0x00000000e1700000, 0x00000000e1700000| Untracked 
|  24|0x00000000e1800000, 0x00000000e1800000, 0x00000000e1900000|  0%| F|  |TAMS 0x00000000e1800000, 0x00000000e1800000| Untracked 
|  25|0x00000000e1900000, 0x00000000e1900000, 0x00000000e1a00000|  0%| F|  |TAMS 0x00000000e1900000, 0x00000000e1900000| Untracked 
|  26|0x00000000e1a00000, 0x00000000e1a00000, 0x00000000e1b00000|  0%| F|  |TAMS 0x00000000e1a00000, 0x00000000e1a00000| Untracked 
|  27|0x00000000e1b00000, 0x00000000e1b00000, 0x00000000e1c00000|  0%| F|  |TAMS 0x00000000e1b00000, 0x00000000e1b00000| Untracked 
|  28|0x00000000e1c00000, 0x00000000e1c00000, 0x00000000e1d00000|  0%| F|  |TAMS 0x00000000e1c00000, 0x00000000e1c00000| Untracked 
|  29|0x00000000e1d00000, 0x00000000e1d00000, 0x00000000e1e00000|  0%| F|  |TAMS 0x00000000e1d00000, 0x00000000e1d00000| Untracked 
|  30|0x00000000e1e00000, 0x00000000e1e00000, 0x00000000e1f00000|  0%| F|  |TAMS 0x00000000e1e00000, 0x00000000e1e00000| Untracked 
|  31|0x00000000e1f00000, 0x00000000e1f00000, 0x00000000e2000000|  0%| F|  |TAMS 0x00000000e1f00000, 0x00000000e1f00000| Untracked 
|  32|0x00000000e2000000, 0x00000000e2000000, 0x00000000e2100000|  0%| F|  |TAMS 0x00000000e2000000, 0x00000000e2000000| Untracked 
|  33|0x00000000e2100000, 0x00000000e2100000, 0x00000000e2200000|  0%| F|  |TAMS 0x00000000e2100000, 0x00000000e2100000| Untracked 
|  34|0x00000000e2200000, 0x00000000e2300000, 0x00000000e2300000|100%| S|CS|TAMS 0x00000000e2200000, 0x00000000e2200000| Complete 
|  35|0x00000000e2300000, 0x00000000e2400000, 0x00000000e2400000|100%| S|CS|TAMS 0x00000000e2300000, 0x00000000e2300000| Complete 
|  36|0x00000000e2400000, 0x00000000e2400000, 0x00000000e2500000|  0%| F|  |TAMS 0x00000000e2400000, 0x00000000e2400000| Untracked 
|  37|0x00000000e2500000, 0x00000000e2500000, 0x00000000e2600000|  0%| F|  |TAMS 0x00000000e2500000, 0x00000000e2500000| Untracked 
|  38|0x00000000e2600000, 0x00000000e2600000, 0x00000000e2700000|  0%| F|  |TAMS 0x00000000e2600000, 0x00000000e2600000| Untracked 
|  39|0x00000000e2700000, 0x00000000e2700000, 0x00000000e2800000|  0%| F|  |TAMS 0x00000000e2700000, 0x00000000e2700000| Untracked 
|  40|0x00000000e2800000, 0x00000000e2800000, 0x00000000e2900000|  0%| F|  |TAMS 0x00000000e2800000, 0x00000000e2800000| Untracked 
|  41|0x00000000e2900000, 0x00000000e2900000, 0x00000000e2a00000|  0%| F|  |TAMS 0x00000000e2900000, 0x00000000e2900000| Untracked 
|  42|0x00000000e2a00000, 0x00000000e2a00000, 0x00000000e2b00000|  0%| F|  |TAMS 0x00000000e2a00000, 0x00000000e2a00000| Untracked 
|  43|0x00000000e2b00000, 0x00000000e2b00000, 0x00000000e2c00000|  0%| F|  |TAMS 0x00000000e2b00000, 0x00000000e2b00000| Untracked 
|  44|0x00000000e2c00000, 0x00000000e2c00000, 0x00000000e2d00000|  0%| F|  |TAMS 0x00000000e2c00000, 0x00000000e2c00000| Untracked 
|  45|0x00000000e2d00000, 0x00000000e2d00000, 0x00000000e2e00000|  0%| F|  |TAMS 0x00000000e2d00000, 0x00000000e2d00000| Untracked 
|  46|0x00000000e2e00000, 0x00000000e2e00000, 0x00000000e2f00000|  0%| F|  |TAMS 0x00000000e2e00000, 0x00000000e2e00000| Untracked 
|  47|0x00000000e2f00000, 0x00000000e2f00000, 0x00000000e3000000|  0%| F|  |TAMS 0x00000000e2f00000, 0x00000000e2f00000| Untracked 
|  48|0x00000000e3000000, 0x00000000e3000000, 0x00000000e3100000|  0%| F|  |TAMS 0x00000000e3000000, 0x00000000e3000000| Untracked 
|  49|0x00000000e3100000, 0x00000000e3100000, 0x00000000e3200000|  0%| F|  |TAMS 0x00000000e3100000, 0x00000000e3100000| Untracked 
|  50|0x00000000e3200000, 0x00000000e3200000, 0x00000000e3300000|  0%| F|  |TAMS 0x00000000e3200000, 0x00000000e3200000| Untracked 
|  51|0x00000000e3300000, 0x00000000e3300000, 0x00000000e3400000|  0%| F|  |TAMS 0x00000000e3300000, 0x00000000e3300000| Untracked 
|  52|0x00000000e3400000, 0x00000000e3400000, 0x00000000e3500000|  0%| F|  |TAMS 0x00000000e3400000, 0x00000000e3400000| Untracked 
|  53|0x00000000e3500000, 0x00000000e3500000, 0x00000000e3600000|  0%| F|  |TAMS 0x00000000e3500000, 0x00000000e3500000| Untracked 
|  54|0x00000000e3600000, 0x00000000e3600000, 0x00000000e3700000|  0%| F|  |TAMS 0x00000000e3600000, 0x00000000e3600000| Untracked 
|  55|0x00000000e3700000, 0x00000000e3700000, 0x00000000e3800000|  0%| F|  |TAMS 0x00000000e3700000, 0x00000000e3700000| Untracked 
|  56|0x00000000e3800000, 0x00000000e3800000, 0x00000000e3900000|  0%| F|  |TAMS 0x00000000e3800000, 0x00000000e3800000| Untracked 
|  57|0x00000000e3900000, 0x00000000e3900000, 0x00000000e3a00000|  0%| F|  |TAMS 0x00000000e3900000, 0x00000000e3900000| Untracked 
|  58|0x00000000e3a00000, 0x00000000e3a00000, 0x00000000e3b00000|  0%| F|  |TAMS 0x00000000e3a00000, 0x00000000e3a00000| Untracked 
|  59|0x00000000e3b00000, 0x00000000e3b00000, 0x00000000e3c00000|  0%| F|  |TAMS 0x00000000e3b00000, 0x00000000e3b00000| Untracked 
|  60|0x00000000e3c00000, 0x00000000e3c00000, 0x00000000e3d00000|  0%| F|  |TAMS 0x00000000e3c00000, 0x00000000e3c00000| Untracked 
|  61|0x00000000e3d00000, 0x00000000e3d00000, 0x00000000e3e00000|  0%| F|  |TAMS 0x00000000e3d00000, 0x00000000e3d00000| Untracked 
|  62|0x00000000e3e00000, 0x00000000e3e00000, 0x00000000e3f00000|  0%| F|  |TAMS 0x00000000e3e00000, 0x00000000e3e00000| Untracked 
|  63|0x00000000e3f00000, 0x00000000e3f00000, 0x00000000e4000000|  0%| F|  |TAMS 0x00000000e3f00000, 0x00000000e3f00000| Untracked 
|  64|0x00000000e4000000, 0x00000000e4000000, 0x00000000e4100000|  0%| F|  |TAMS 0x00000000e4000000, 0x00000000e4000000| Untracked 
|  65|0x00000000e4100000, 0x00000000e4100000, 0x00000000e4200000|  0%| F|  |TAMS 0x00000000e4100000, 0x00000000e4100000| Untracked 
|  66|0x00000000e4200000, 0x00000000e4200000, 0x00000000e4300000|  0%| F|  |TAMS 0x00000000e4200000, 0x00000000e4200000| Untracked 
|  67|0x00000000e4300000, 0x00000000e4370798, 0x00000000e4400000| 43%| E|  |TAMS 0x00000000e4300000, 0x00000000e4300000| Complete 
|  68|0x00000000e4400000, 0x00000000e4500000, 0x00000000e4500000|100%| E|CS|TAMS 0x00000000e4400000, 0x00000000e4400000| Complete 
|  69|0x00000000e4500000, 0x00000000e4600000, 0x00000000e4600000|100%| E|CS|TAMS 0x00000000e4500000, 0x00000000e4500000| Complete 
|  70|0x00000000e4600000, 0x00000000e4700000, 0x00000000e4700000|100%| E|CS|TAMS 0x00000000e4600000, 0x00000000e4600000| Complete 
|  71|0x00000000e4700000, 0x00000000e4800000, 0x00000000e4800000|100%| E|CS|TAMS 0x00000000e4700000, 0x00000000e4700000| Complete 

Card table byte_map: [0x00000219d0850000,0x00000219d0950000] _byte_map_base: 0x00000219d0150000

Marking Bits (Prev, Next): (CMBitMap*) 0x00000219d0bfd630, (CMBitMap*) 0x00000219d0bfd5f8
 Prev Bits: [0x00000219e8af0000, 0x00000219e92f0000)
 Next Bits: [0x00000219e82f0000, 0x00000219e8af0000)

Polling page: 0x00000219cead0000

Metaspace:

Usage:
  Non-class:     29.24 MB capacity,    28.51 MB ( 97%) used,   652.27 KB (  2%) free+waste,   101.94 KB ( <1%) overhead. 
      Class:      4.18 MB capacity,     3.68 MB ( 88%) used,   466.13 KB ( 11%) free+waste,    52.88 KB (  1%) overhead. 
       Both:     33.43 MB capacity,    32.18 MB ( 96%) used,     1.09 MB (  3%) free+waste,   154.81 KB ( <1%) overhead. 

Virtual space:
  Non-class space:       30.00 MB reserved,      29.42 MB ( 98%) committed 
      Class space:        1.00 GB reserved,       4.25 MB ( <1%) committed 
             Both:        1.03 GB reserved,      33.67 MB (  3%) committed 

Chunk freelists:
   Non-Class:  55.00 KB
       Class:  4.00 KB
        Both:  59.00 KB

MaxMetaspaceSize: 17179869184.00 GB
CompressedClassSpaceSize: 1.00 GB
Initial GC threshold: 20.80 MB
Current GC threshold: 35.08 MB
CDS: off

CodeHeap 'non-profiled nmethods': size=120064Kb used=1412Kb max_used=1412Kb free=118651Kb
 bounds [0x00000219e0db0000, 0x00000219e1020000, 0x00000219e82f0000]
CodeHeap 'profiled nmethods': size=120000Kb used=7284Kb max_used=7284Kb free=112715Kb
 bounds [0x00000219d9880000, 0x00000219d9fa0000, 0x00000219e0db0000]
CodeHeap 'non-nmethods': size=5696Kb used=2255Kb max_used=2288Kb free=3440Kb
 bounds [0x00000219d92f0000, 0x00000219d9560000, 0x00000219d9880000]
 total_blobs=4027 nmethods=3281 adapters=658
 compilation: enabled
              stopped_count=0, restarted_count=0
 full_count=0

Compilation events (20 events):
Event: 15.646 Thread 0x00000219eb6f6000 nmethod 3281 0x00000219d9f98690 code [0x00000219d9f98880, 0x00000219d9f98c58]
Event: 15.647 Thread 0x00000219eb6f6000 3282       3       com.fasterxml.jackson.core.json.UTF8StreamJsonParser::_finishString (130 bytes)
Event: 15.649 Thread 0x00000219eb6f6000 nmethod 3282 0x00000219d9f98e10 code [0x00000219d9f99100, 0x00000219d9f99d08]
Event: 15.649 Thread 0x00000219eb6f6000 3283       3       java.util.Locale::getDefault (4 bytes)
Event: 15.649 Thread 0x00000219eb6f6000 nmethod 3283 0x00000219d9f9a210 code [0x00000219d9f9a3c0, 0x00000219d9f9a4b8]
Event: 15.650 Thread 0x00000219eb6f6000 3284       3       com.fasterxml.jackson.databind.node.ContainerNode::<init> (10 bytes)
Event: 15.650 Thread 0x00000219eb6f6000 nmethod 3284 0x00000219d9f9a510 code [0x00000219d9f9a6e0, 0x00000219d9f9a958]
Event: 15.657 Thread 0x00000219eb6f6000 3285       3       com.fasterxml.jackson.databind.node.ObjectNode::<init> (17 bytes)
Event: 15.658 Thread 0x00000219eb6f6000 nmethod 3285 0x00000219d9f9aa90 code [0x00000219d9f9ac80, 0x00000219d9f9b198]
Event: 15.663 Thread 0x00000219eb6f6000 3286       3       sun.reflect.annotation.AnnotationParser::toArray (18 bytes)
Event: 15.663 Thread 0x00000219eb6f6000 nmethod 3286 0x00000219d9f9b390 code [0x00000219d9f9b560, 0x00000219d9f9b8b8]
Event: 15.663 Thread 0x00000219eb6f6000 3287       1       com.fasterxml.jackson.databind.introspect.AnnotatedMethod::getAnnotated (5 bytes)
Event: 15.664 Thread 0x00000219eb6f6000 nmethod 3287 0x00000219e0f11010 code [0x00000219e0f111c0, 0x00000219e0f11278]
Event: 15.664 Thread 0x00000219eb6f6000 3288       3       com.fasterxml.jackson.databind.introspect.MemberKey::<init> (13 bytes)
Event: 15.665 Thread 0x00000219eb6f6000 nmethod 3288 0x00000219d9f9b990 code [0x00000219d9f9bb80, 0x00000219d9f9c088]
Event: 15.665 Thread 0x00000219eb6f6000 3289       3       com.fasterxml.jackson.databind.introspect.MemberKey::hashCode (14 bytes)
Event: 15.665 Thread 0x00000219eb6f6000 nmethod 3289 0x00000219d9f9c210 code [0x00000219d9f9c3c0, 0x00000219d9f9c508]
Event: 15.682 Thread 0x00000219eb6f6000 3290       3       com.fasterxml.jackson.databind.introspect.Annotated::hasAnnotation (14 bytes)
Event: 15.682 Thread 0x00000219eb6f6000 nmethod 3290 0x00000219d9f9c610 code [0x00000219d9f9c7c0, 0x00000219d9f9c9c8]
Event: 15.726 Thread 0x00000219eb6f6000 3291       3       com.fasterxml.jackson.databind.introspect.AnnotatedMethod::getParameterCount (6 bytes)

GC Heap History (18 events):
Event: 1.388 GC heap before
{Heap before GC invocations=0 (full 0):
 garbage-first heap   total 61440K, used 6144K [0x00000000e0000000, 0x0000000100000000)
  region size 1024K, 7 young (7168K), 0 survivors (0K)
 Metaspace       used 8203K, capacity 8376K, committed 8576K, reserved 1056768K
  class space    used 780K, capacity 854K, committed 896K, reserved 1048576K
}
Event: 1.405 GC heap after
{Heap after GC invocations=1 (full 0):
 garbage-first heap   total 61440K, used 3307K [0x00000000e0000000, 0x0000000100000000)
  region size 1024K, 1 young (1024K), 1 survivors (1024K)
 Metaspace       used 8203K, capacity 8376K, committed 8576K, reserved 1056768K
  class space    used 780K, capacity 854K, committed 896K, reserved 1048576K
}
Event: 2.011 GC heap before
{Heap before GC invocations=1 (full 0):
 garbage-first heap   total 61440K, used 6379K [0x00000000e0000000, 0x0000000100000000)
  region size 1024K, 4 young (4096K), 1 survivors (1024K)
 Metaspace       used 10273K, capacity 10534K, committed 10624K, reserved 1058816K
  class space    used 1007K, capacity 1098K, committed 1152K, reserved 1048576K
}
Event: 2.022 GC heap after
{Heap after GC invocations=2 (full 0):
 garbage-first heap   total 61440K, used 4373K [0x00000000e0000000, 0x0000000100000000)
  region size 1024K, 1 young (1024K), 1 survivors (1024K)
 Metaspace       used 10273K, capacity 10534K, committed 10624K, reserved 1058816K
  class space    used 1007K, capacity 1098K, committed 1152K, reserved 1048576K
}
Event: 3.597 GC heap before
{Heap before GC invocations=2 (full 0):
 garbage-first heap   total 61440K, used 14613K [0x00000000e0000000, 0x0000000100000000)
  region size 1024K, 11 young (11264K), 1 survivors (1024K)
 Metaspace       used 14044K, capacity 14424K, committed 14464K, reserved 1062912K
  class space    used 1495K, capacity 1638K, committed 1664K, reserved 1048576K
}
Event: 3.604 GC heap after
{Heap after GC invocations=3 (full 0):
 garbage-first heap   total 61440K, used 5103K [0x00000000e0000000, 0x0000000100000000)
  region size 1024K, 2 young (2048K), 2 survivors (2048K)
 Metaspace       used 14044K, capacity 14424K, committed 14464K, reserved 1062912K
  class space    used 1495K, capacity 1638K, committed 1664K, reserved 1048576K
}
Event: 5.333 GC heap before
{Heap before GC invocations=3 (full 0):
 garbage-first heap   total 61440K, used 19439K [0x00000000e0000000, 0x0000000100000000)
  region size 1024K, 17 young (17408K), 2 survivors (2048K)
 Metaspace       used 17790K, capacity 18491K, committed 18560K, reserved 1064960K
  class space    used 1906K, capacity 2125K, committed 2176K, reserved 1048576K
}
Event: 5.344 GC heap after
{Heap after GC invocations=4 (full 0):
 garbage-first heap   total 61440K, used 6805K [0x00000000e0000000, 0x0000000100000000)
  region size 1024K, 3 young (3072K), 3 survivors (3072K)
 Metaspace       used 17790K, capacity 18491K, committed 18560K, reserved 1064960K
  class space    used 1906K, capacity 2125K, committed 2176K, reserved 1048576K
}
Event: 5.885 GC heap before
{Heap before GC invocations=4 (full 0):
 garbage-first heap   total 61440K, used 19093K [0x00000000e0000000, 0x0000000100000000)
  region size 1024K, 13 young (13312K), 3 survivors (3072K)
 Metaspace       used 20503K, capacity 21201K, committed 21296K, reserved 1069056K
  class space    used 2164K, capacity 2412K, committed 2432K, reserved 1048576K
}
Event: 5.900 GC heap after
{Heap after GC invocations=5 (full 0):
 garbage-first heap   total 61440K, used 9970K [0x00000000e0000000, 0x0000000100000000)
  region size 1024K, 2 young (2048K), 2 survivors (2048K)
 Metaspace       used 20503K, capacity 21201K, committed 21296K, reserved 1069056K
  class space    used 2164K, capacity 2412K, committed 2432K, reserved 1048576K
}
Event: 7.156 GC heap before
{Heap before GC invocations=6 (full 0):
 garbage-first heap   total 61440K, used 30450K [0x00000000e0000000, 0x0000000100000000)
  region size 1024K, 22 young (22528K), 2 survivors (2048K)
 Metaspace       used 23027K, capacity 23982K, committed 24112K, reserved 1071104K
  class space    used 2484K, capacity 2875K, committed 2944K, reserved 1048576K
}
Event: 7.175 GC heap after
{Heap after GC invocations=7 (full 0):
 garbage-first heap   total 61440K, used 11811K [0x00000000e0000000, 0x0000000100000000)
  region size 1024K, 3 young (3072K), 3 survivors (3072K)
 Metaspace       used 23027K, capacity 23982K, committed 24112K, reserved 1071104K
  class space    used 2484K, capacity 2875K, committed 2944K, reserved 1048576K
}
Event: 7.981 GC heap before
{Heap before GC invocations=7 (full 0):
 garbage-first heap   total 61440K, used 39459K [0x00000000e0000000, 0x0000000100000000)
  region size 1024K, 30 young (30720K), 3 survivors (3072K)
 Metaspace       used 24913K, capacity 25996K, committed 26160K, reserved 1073152K
  class space    used 2665K, capacity 3100K, committed 3200K, reserved 1048576K
}
Event: 8.002 GC heap after
{Heap after GC invocations=8 (full 0):
 garbage-first heap   total 61440K, used 15036K [0x00000000e0000000, 0x0000000100000000)
  region size 1024K, 3 young (3072K), 3 survivors (3072K)
 Metaspace       used 24913K, capacity 25996K, committed 26160K, reserved 1073152K
  class space    used 2665K, capacity 3100K, committed 3200K, reserved 1048576K
}
Event: 10.627 GC heap before
{Heap before GC invocations=8 (full 0):
 garbage-first heap   total 61440K, used 41660K [0x00000000e0000000, 0x0000000100000000)
  region size 1024K, 29 young (29696K), 3 survivors (3072K)
 Metaspace       used 28254K, capacity 29539K, committed 29744K, reserved 1075200K
  class space    used 3123K, capacity 3673K, committed 3712K, reserved 1048576K
}
Event: 10.651 GC heap after
{Heap after GC invocations=9 (full 0):
 garbage-first heap   total 61440K, used 18238K [0x00000000e0000000, 0x0000000100000000)
  region size 1024K, 4 young (4096K), 4 survivors (4096K)
 Metaspace       used 28254K, capacity 29539K, committed 29744K, reserved 1075200K
  class space    used 3123K, capacity 3673K, committed 3712K, reserved 1048576K
}
Event: 14.722 GC heap before
{Heap before GC invocations=9 (full 0):
 garbage-first heap   total 61440K, used 42814K [0x00000000e0000000, 0x0000000100000000)
  region size 1024K, 28 young (28672K), 4 survivors (4096K)
 Metaspace       used 32201K, capacity 33493K, committed 33584K, reserved 1079296K
  class space    used 3668K, capacity 4188K, committed 4224K, reserved 1048576K
}
Event: 14.740 GC heap after
{Heap after GC invocations=10 (full 0):
 garbage-first heap   total 73728K, used 20480K [0x00000000e0000000, 0x0000000100000000)
  region size 1024K, 2 young (2048K), 2 survivors (2048K)
 Metaspace       used 32201K, capacity 33493K, committed 33584K, reserved 1079296K
  class space    used 3668K, capacity 4188K, committed 4224K, reserved 1048576K
}

Deoptimization events (20 events):
Event: 13.396 Thread 0x00000219ec8dd800 DEOPT PACKING pc=0x00000219d9f58750 sp=0x000000bcb45f7960
Event: 13.396 Thread 0x00000219ec8dd800 DEOPT UNPACKING pc=0x00000219d933a93f sp=0x000000bcb45f6de8 mode 0
Event: 13.401 Thread 0x00000219ec8dd800 DEOPT PACKING pc=0x00000219d9f58750 sp=0x000000bcb45f6f20
Event: 13.401 Thread 0x00000219ec8dd800 DEOPT UNPACKING pc=0x00000219d933a93f sp=0x000000bcb45f63a8 mode 0
Event: 13.419 Thread 0x00000219ec8dd800 Uncommon trap: trap_request=0xffffffde fr.pc=0x00000219e0ec26f4 relative=0x0000000000000294
Event: 13.419 Thread 0x00000219ec8dd800 Uncommon trap: reason=class_check action=maybe_recompile pc=0x00000219e0ec26f4 method=java.util.regex.Matcher.search(I)Z @ 121 c2
Event: 13.419 Thread 0x00000219ec8dd800 DEOPT PACKING pc=0x00000219e0ec26f4 sp=0x000000bcb45f9aa0
Event: 13.419 Thread 0x00000219ec8dd800 DEOPT UNPACKING pc=0x00000219d933a1a9 sp=0x000000bcb45f9a30 mode 2
Event: 13.572 Thread 0x00000219ec8dd800 Uncommon trap: trap_request=0xffffffde fr.pc=0x00000219e0ec26f4 relative=0x0000000000000294
Event: 13.572 Thread 0x00000219ec8dd800 Uncommon trap: reason=class_check action=maybe_recompile pc=0x00000219e0ec26f4 method=java.util.regex.Matcher.search(I)Z @ 121 c2
Event: 13.572 Thread 0x00000219ec8dd800 DEOPT PACKING pc=0x00000219e0ec26f4 sp=0x000000bcb45f9aa0
Event: 13.572 Thread 0x00000219ec8dd800 DEOPT UNPACKING pc=0x00000219d933a1a9 sp=0x000000bcb45f9a30 mode 2
Event: 14.380 Thread 0x00000219ec8dd800 Uncommon trap: trap_request=0xffffffde fr.pc=0x00000219e0ec26f4 relative=0x0000000000000294
Event: 14.380 Thread 0x00000219ec8dd800 Uncommon trap: reason=class_check action=maybe_recompile pc=0x00000219e0ec26f4 method=java.util.regex.Matcher.search(I)Z @ 121 c2
Event: 14.380 Thread 0x00000219ec8dd800 DEOPT PACKING pc=0x00000219e0ec26f4 sp=0x000000bcb45f8880
Event: 14.380 Thread 0x00000219ec8dd800 DEOPT UNPACKING pc=0x00000219d933a1a9 sp=0x000000bcb45f8810 mode 2
Event: 15.278 Thread 0x00000219ec8dd800 Uncommon trap: trap_request=0xffffffde fr.pc=0x00000219e0e69584 relative=0x0000000000000064
Event: 15.279 Thread 0x00000219ec8dd800 Uncommon trap: reason=class_check action=maybe_recompile pc=0x00000219e0e69584 method=java.util.LinkedHashMap.afterNodeInsertion(Z)V @ 15 c2
Event: 15.279 Thread 0x00000219ec8dd800 DEOPT PACKING pc=0x00000219e0e69584 sp=0x000000bcb45f8d50
Event: 15.279 Thread 0x00000219ec8dd800 DEOPT UNPACKING pc=0x00000219d933a1a9 sp=0x000000bcb45f8cc8 mode 2

Classes redefined (0 events):
No events

Internal exceptions (20 events):
Event: 12.496 Thread 0x00000219ec8dd800 Exception <a 'java/lang/ClassNotFoundException'{0x00000000e35f8958}: [BBeanInfo> (0x00000000e35f8958) thrown at [s\src\hotspot\share\prims\jni.cpp, line 638]
Event: 12.496 Thread 0x00000219ec8dd800 Exception <a 'java/lang/ClassNotFoundException'{0x00000000e35f9700}: [BBeanInfo> (0x00000000e35f9700) thrown at [s\src\hotspot\share\prims\jni.cpp, line 638]
Event: 12.496 Thread 0x00000219ec8dd800 Exception <a 'java/lang/ClassNotFoundException'{0x00000000e35fa520}: [BCustomizer> (0x00000000e35fa520) thrown at [s\src\hotspot\share\prims\jni.cpp, line 638]
Event: 12.496 Thread 0x00000219ec8dd800 Exception <a 'java/lang/ClassNotFoundException'{0x00000000e35fb2c8}: [BCustomizer> (0x00000000e35fb2c8) thrown at [s\src\hotspot\share\prims\jni.cpp, line 638]
Event: 12.500 Thread 0x00000219ec8dd800 Exception <a 'java/lang/ClassNotFoundException'{0x00000000e34149d0}: org/apache/http/conn/EofSensorInputStreamBeanInfo> (0x00000000e34149d0) thrown at [s\src\hotspot\share\classfile\systemDictionary.cpp, line 230]
Event: 12.501 Thread 0x00000219ec8dd800 Exception <a 'java/lang/ClassNotFoundException'{0x00000000e3416730}: java/io/InputStreamBeanInfo> (0x00000000e3416730) thrown at [s\src\hotspot\share\classfile\systemDictionary.cpp, line 230]
Event: 12.501 Thread 0x00000219ec8dd800 Exception <a 'java/lang/ClassNotFoundException'{0x00000000e3418458}: java/io/InputStreamCustomizer> (0x00000000e3418458) thrown at [s\src\hotspot\share\classfile\systemDictionary.cpp, line 230]
Event: 12.502 Thread 0x00000219ec8dd800 Exception <a 'java/lang/ClassNotFoundException'{0x00000000e34272c0}: org/apache/http/conn/EofSensorInputStreamCustomizer> (0x00000000e34272c0) thrown at [s\src\hotspot\share\classfile\systemDictionary.cpp, line 230]
Event: 12.528 Thread 0x00000219ec8dd800 Exception <a 'java/lang/ClassNotFoundException'{0x00000000e348bfa0}: io/restassured/parsing/ParserBeanInfo> (0x00000000e348bfa0) thrown at [s\src\hotspot\share\classfile\systemDictionary.cpp, line 230]
Event: 12.529 Thread 0x00000219ec8dd800 Exception <a 'java/lang/ClassNotFoundException'{0x00000000e3493750}: io/restassured/parsing/ParserCustomizer> (0x00000000e3493750) thrown at [s\src\hotspot\share\classfile\systemDictionary.cpp, line 230]
Event: 12.535 Thread 0x00000219ec8dd800 Exception <a 'java/lang/ClassNotFoundException'{0x00000000e34b08b8}: io/restassured/internal/path/json/JsonPrettifierBeanInfo> (0x00000000e34b08b8) thrown at [s\src\hotspot\share\classfile\systemDictionary.cpp, line 230]
Event: 12.536 Thread 0x00000219ec8dd800 Exception <a 'java/lang/ClassNotFoundException'{0x00000000e34b9548}: io/restassured/internal/path/json/JsonPrettifierCustomizer> (0x00000000e34b9548) thrown at [s\src\hotspot\share\classfile\systemDictionary.cpp, line 230]
Event: 12.564 Thread 0x00000219ec8dd800 Exception <a 'java/lang/ClassNotFoundException'{0x00000000e3339f40}: groovy/json/JsonTokenType$1BeanInfo> (0x00000000e3339f40) thrown at [s\src\hotspot\share\classfile\systemDictionary.cpp, line 230]
Event: 12.565 Thread 0x00000219ec8dd800 Exception <a 'java/lang/ClassNotFoundException'{0x00000000e3343be0}: groovy/json/JsonTokenType$1Customizer> (0x00000000e3343be0) thrown at [s\src\hotspot\share\classfile\systemDictionary.cpp, line 230]
Event: 13.075 Thread 0x00000219ec8dd800 Exception <a 'java/lang/ClassNotFoundException'{0x00000000e323f578}: org/hamcrest/MatchersBeanInfo> (0x00000000e323f578) thrown at [s\src\hotspot\share\classfile\systemDictionary.cpp, line 230]
Event: 13.076 Thread 0x00000219ec8dd800 Exception <a 'java/lang/ClassNotFoundException'{0x00000000e32465f8}: org/hamcrest/MatchersCustomizer> (0x00000000e32465f8) thrown at [s\src\hotspot\share\classfile\systemDictionary.cpp, line 230]
Event: 13.272 Thread 0x00000219ec8dd800 Exception <a 'java/lang/ClassNotFoundException'{0x00000000e31491a0}: org/hamcrest/core/IsEqualBeanInfo> (0x00000000e31491a0) thrown at [s\src\hotspot\share\classfile\systemDictionary.cpp, line 230]
Event: 13.272 Thread 0x00000219ec8dd800 Exception <a 'java/lang/ClassNotFoundException'{0x00000000e3150a68}: org/hamcrest/BaseMatcherBeanInfo> (0x00000000e3150a68) thrown at [s\src\hotspot\share\classfile\systemDictionary.cpp, line 230]
Event: 13.273 Thread 0x00000219ec8dd800 Exception <a 'java/lang/ClassNotFoundException'{0x00000000e3158618}: org/hamcrest/BaseMatcherCustomizer> (0x00000000e3158618) thrown at [s\src\hotspot\share\classfile\systemDictionary.cpp, line 230]
Event: 13.275 Thread 0x00000219ec8dd800 Exception <a 'java/lang/ClassNotFoundException'{0x00000000e3163a08}: org/hamcrest/core/IsEqualCustomizer> (0x00000000e3163a08) thrown at [s\src\hotspot\share\classfile\systemDictionary.cpp, line 230]

Events (20 events):
Event: 15.582 loading class com/fasterxml/jackson/core/JsonLocation done
Event: 15.584 Thread 0x00000219ef979800 Thread added: 0x00000219ef979800
Event: 15.586 Thread 0x00000219edbad000 Thread added: 0x00000219edbad000
Event: 15.588 Thread 0x00000219ef68b800 Thread added: 0x00000219ef68b800
Event: 15.590 Executing VM operation: RevokeBias
Event: 15.590 Executing VM operation: RevokeBias done
Event: 15.594 loading class com/fasterxml/jackson/databind/deser/std/JsonNodeDeserializer$1
Event: 15.594 loading class com/fasterxml/jackson/databind/deser/std/JsonNodeDeserializer$1 done
Event: 15.595 loading class com/fasterxml/jackson/databind/node/MissingNode
Event: 15.595 loading class com/fasterxml/jackson/databind/node/MissingNode done
Event: 15.597 loading class com/fasterxml/jackson/core/util/InternCache
Event: 15.597 loading class com/fasterxml/jackson/core/util/InternCache done
Event: 15.598 loading class com/fasterxml/jackson/databind/deser/std/BaseNodeDeserializer$1
Event: 15.598 loading class com/fasterxml/jackson/databind/deser/std/BaseNodeDeserializer$1 done
Event: 15.599 loading class com/fasterxml/jackson/core/io/NumberInput
Event: 15.599 loading class com/fasterxml/jackson/core/io/NumberInput done
Event: 15.601 loading class com/fasterxml/jackson/core/sym/BytesToNameCanonicalizer$Bucket
Event: 15.601 loading class com/fasterxml/jackson/core/sym/BytesToNameCanonicalizer$Bucket done
Event: 15.645 Executing VM operation: RevokeBias
Event: 15.645 Executing VM operation: RevokeBias done


Dynamic libraries:
0x00007ff6b86f0000 - 0x00007ff6b86fd000 	C:\Users\1\.jdks\corretto-11.0.20\bin\java.exe
0x00007fff195b0000 - 0x00007fff197a7000 	C:\WINDOWS\SYSTEM32\ntdll.dll
0x00007fff185b0000 - 0x00007fff1866d000 	C:\WINDOWS\System32\KERNEL32.DLL
0x00007fff17310000 - 0x00007fff17606000 	C:\WINDOWS\System32\KERNELBASE.dll
0x00007fff16e50000 - 0x00007fff16f50000 	C:\WINDOWS\System32\ucrtbase.dll
0x00007fff14350000 - 0x00007fff14367000 	C:\Users\1\.jdks\corretto-11.0.20\bin\jli.dll
0x00007fff19270000 - 0x00007fff1940e000 	C:\WINDOWS\System32\USER32.dll
0x00007fff17120000 - 0x00007fff17142000 	C:\WINDOWS\System32\win32u.dll
0x00007fff12660000 - 0x00007fff12679000 	C:\Users\1\.jdks\corretto-11.0.20\bin\VCRUNTIME140.dll
0x00007fff18f30000 - 0x00007fff18f5c000 	C:\WINDOWS\System32\GDI32.dll
0x00007fff17150000 - 0x00007fff1726a000 	C:\WINDOWS\System32\gdi32full.dll
0x00007fff17270000 - 0x00007fff1730d000 	C:\WINDOWS\System32\msvcp_win.dll
0x00007fff09070000 - 0x00007fff0930a000 	C:\WINDOWS\WinSxS\amd64_microsoft.windows.common-controls_6595b64144ccf1df_6.0.19041.3570_none_60bb2a3971f3e41a\COMCTL32.dll
0x00007fff18780000 - 0x00007fff1881e000 	C:\WINDOWS\System32\msvcrt.dll
0x00007fff18c90000 - 0x00007fff18cc0000 	C:\WINDOWS\System32\IMM32.DLL
0x00007fff165e0000 - 0x00007fff16610000 	C:\WINDOWS\system32\DriverStore\FileRepository\nvacwu.inf_amd64_bdd6ea477d4e2fba\nvinitx.dll
0x00007fff19410000 - 0x00007fff194be000 	C:\WINDOWS\System32\ADVAPI32.dll
0x00007fff18670000 - 0x00007fff1870c000 	C:\WINDOWS\System32\sechost.dll
0x00007fff190c0000 - 0x00007fff191e6000 	C:\WINDOWS\System32\RPCRT4.dll
0x00007fff165d0000 - 0x00007fff165da000 	C:\WINDOWS\SYSTEM32\VERSION.dll
0x00007fff17c50000 - 0x00007fff18394000 	C:\WINDOWS\System32\Shell32.dll
0x00007fff14cf0000 - 0x00007fff1548b000 	C:\WINDOWS\SYSTEM32\windows.storage.dll
0x00007fff178f0000 - 0x00007fff17c44000 	C:\WINDOWS\System32\combase.dll
0x00007fff166d0000 - 0x00007fff166fd000 	C:\WINDOWS\SYSTEM32\Wldp.dll
0x00007fff194c0000 - 0x00007fff1956d000 	C:\WINDOWS\System32\SHCORE.dll
0x00007fff18710000 - 0x00007fff18765000 	C:\WINDOWS\System32\shlwapi.dll
0x0000000052cb0000 - 0x0000000052cb6000 	C:\Program Files\NVIDIA Corporation\CoProcManager\_etoured.dll
0x00007fff12460000 - 0x00007fff1249b000 	C:\Program Files\NVIDIA Corporation\CoProcManager\nvd3d9wrapx.dll
0x00007fff18820000 - 0x00007fff18c8e000 	C:\WINDOWS\System32\SETUPAPI.dll
0x00007fff16d70000 - 0x00007fff16dbe000 	C:\WINDOWS\System32\cfgmgr32.dll
0x00007fff16c90000 - 0x00007fff16cb7000 	C:\WINDOWS\System32\bcrypt.dll
0x00007fff12290000 - 0x00007fff122b4000 	C:\Program Files\NVIDIA Corporation\CoProcManager\nvdxgiwrapx.dll
0x00007fff109c0000 - 0x00007fff10a5b000 	C:\Users\1\.jdks\corretto-11.0.20\bin\msvcp140.dll
0x00007ffef21e0000 - 0x00007ffef2d6b000 	C:\Users\1\.jdks\corretto-11.0.20\bin\server\jvm.dll
0x00007fff18470000 - 0x00007fff18478000 	C:\WINDOWS\System32\PSAPI.DLL
0x00007fff10ff0000 - 0x00007fff10ff9000 	C:\WINDOWS\SYSTEM32\WSOCK32.dll
0x00007fff18f60000 - 0x00007fff18fcb000 	C:\WINDOWS\System32\WS2_32.dll
0x00007fff04a30000 - 0x00007fff04a57000 	C:\WINDOWS\SYSTEM32\WINMM.dll
0x00007fff14af0000 - 0x00007fff14b02000 	C:\WINDOWS\SYSTEM32\kernel.appcore.dll
0x00007fff126f0000 - 0x00007fff12700000 	C:\Users\1\.jdks\corretto-11.0.20\bin\verify.dll
0x00007fff065c0000 - 0x00007fff067a4000 	C:\WINDOWS\SYSTEM32\DBGHELP.DLL
0x00007fff06580000 - 0x00007fff065b4000 	C:\WINDOWS\SYSTEM32\dbgcore.DLL
0x00007fff16dc0000 - 0x00007fff16e42000 	C:\WINDOWS\System32\bcryptPrimitives.dll
0x00007fff10b90000 - 0x00007fff10bb8000 	C:\Users\1\.jdks\corretto-11.0.20\bin\java.dll
0x00007fff12650000 - 0x00007fff1265a000 	C:\Users\1\.jdks\corretto-11.0.20\bin\jimage.dll
0x00007fff117c0000 - 0x00007fff117d8000 	C:\Users\1\.jdks\corretto-11.0.20\bin\zip.dll
0x00007fff16bc0000 - 0x00007fff16be5000 	C:\WINDOWS\SYSTEM32\profapi.dll
0x00007fff10b70000 - 0x00007fff10b89000 	C:\Users\1\.jdks\corretto-11.0.20\bin\net.dll
0x00007fff0cb00000 - 0x00007fff0cc0a000 	C:\WINDOWS\SYSTEM32\WINHTTP.dll
0x00007fff16370000 - 0x00007fff163da000 	C:\WINDOWS\system32\mswsock.dll
0x00007fff10950000 - 0x00007fff10963000 	C:\Users\1\.jdks\corretto-11.0.20\bin\nio.dll
0x00007fff16560000 - 0x00007fff16578000 	C:\WINDOWS\SYSTEM32\CRYPTSP.dll
0x00007fff15c30000 - 0x00007fff15c64000 	C:\WINDOWS\system32\rsaenh.dll
0x00007fff16b80000 - 0x00007fff16bae000 	C:\WINDOWS\SYSTEM32\USERENV.dll
0x00007fff16590000 - 0x00007fff1659c000 	C:\WINDOWS\SYSTEM32\CRYPTBASE.dll
0x00007fff16070000 - 0x00007fff160ab000 	C:\WINDOWS\SYSTEM32\IPHLPAPI.DLL
0x00007fff18770000 - 0x00007fff18778000 	C:\WINDOWS\System32\NSI.dll
0x00007fff0d9e0000 - 0x00007fff0d9f7000 	C:\WINDOWS\SYSTEM32\dhcpcsvc6.DLL
0x00007fff0f470000 - 0x00007fff0f48d000 	C:\WINDOWS\SYSTEM32\dhcpcsvc.DLL
0x00007fff160b0000 - 0x00007fff1617a000 	C:\WINDOWS\SYSTEM32\DNSAPI.dll
0x00007fff11030000 - 0x00007fff11055000 	C:\Users\1\.jdks\corretto-11.0.20\bin\sunec.dll
0x00007fff09a50000 - 0x00007fff09a5a000 	C:\Windows\System32\rasadhlp.dll
0x00007fff0aa00000 - 0x00007fff0aa82000 	C:\WINDOWS\System32\fwpuclnt.dll

dbghelp: loaded successfully - version: 4.0.5 - missing functions: none
symbol engine: initialized successfully - sym options: 0x614 - pdb path: .;C:\Users\1\.jdks\corretto-11.0.20\bin;C:\WINDOWS\SYSTEM32;C:\WINDOWS\WinSxS\amd64_microsoft.windows.common-controls_6595b64144ccf1df_6.0.19041.3570_none_60bb2a3971f3e41a;C:\WINDOWS\system32\DriverStore\FileRepository\nvacwu.inf_amd64_bdd6ea477d4e2fba;C:\Program Files\NVIDIA Corporation\CoProcManager;C:\Users\1\.jdks\corretto-11.0.20\bin\server

VM Arguments:
jvm_args: -Dorg.gradle.native=false -Xmx512m -Dfile.encoding=windows-1251 -Duser.country=RU -Duser.language=ru -Duser.variant -ea 
java_command: worker.org.gradle.process.internal.worker.GradleWorkerMain 'Gradle Test Executor 1'
java_class_path (initial): C:\\Users\\1\\.gradle\\caches\\6.7\\workerMain\\gradle-worker.jar;C:\\Users\\1\\IdeaProjects\\Idea0202\\rest\\build\\classes\\java\\test;C:\\Users\\1\\IdeaProjects\\Idea0202\\rest\\build\\resources\\test;C:\\Users\\1\\IdeaProjects\\Idea0202\\rest\\build\\classes\\java\\main;C:\\Users\\1\\IdeaProjects\\Idea0202\\rest\\build\\resources\\main;C:\\Users\\1\\.gradle\\caches\\modules-2\\files-2.1\\io.rest-assured\\rest-assured\\5.3.1\\af94179b7dc7d7d1cdfec3854afacccb818d260\\rest-assured-5.3.1.jar;C:\\Users\\1\\.gradle\\caches\\modules-2\\files-2.1\\org.junit.jupiter\\junit-jupiter-params\\5.6.1\\3a9033e0bde8085cb357b20b220f2e1aae429f52\\junit-jupiter-params-5.6.1.jar;C:\\Users\\1\\.gradle\\caches\\modules-2\\files-2.1\\org.junit.jupiter\\junit-jupiter-engine\\5.6.1\\f9686cdeb1b70e7928656379b1a116450a391ea2\\junit-jupiter-engine-5.6.1.jar;C:\\Users\\1\\.gradle\\caches\\modules-2\\files-2.1\\org.junit.jupiter\\junit-jupiter-api\\5.6.1\\552e8b1410c1e210841a9b7e0dab65b5dcb8208b\\junit-jupiter-api-5.6.1.jar;C:\\Users\\1\\.gradle\\caches\\modules-2\\files-2.1\\org.junit.platform\\junit-platform-engine\\1.6.1\\e93ddd6d2e6e7d1ff6439fe61ab6a862edb066f7\\junit-platform-engine-1.6.1.jar;C:\\Users\\1\\.gradle\\caches\\modules-2\\files-2.1\\org.junit.platform\\junit-platform-commons\\1.6.1\\3211988f6980e1bd68e2b4049f32c2076a0b93ed\\junit-platform-commons-1.6.1.jar;C:\\Users\\1\\.gradle\\caches\\modules-2\\files-2.1\\org.junit.jupiter\\junit-jupiter\\5.6.1\\4ae716895f1ee8a5720c02c8f2ae749bf7f7de18\\junit-jupiter-5.6.1.jar;C:\\Users\\1\\.gradle\\caches\\modules-2\\files-2.1\\io.rest-assured\\json-schema-validator\\4.3.1\\9937bd04a54bea9b2639849f099b799cd206c2a2\\json-schema-validator-4.3.1.jar;C:\\Users\\1\\.gradle\\caches\\modules-2\\files-2.1\\io.rest-assured\\xml-path\\5.3.1\\244e4b5d2cc70eda7c7c4c5654fb097dc8024f57\\xml-path-5.3.1.jar;C:\\Users\\1\\.gradle\\caches\\modules-2\\files-2.1\\io.rest-assured\\json-path\\5.3.1\\224411e4bd0a268101d8569777786c92
Launcher Type: SUN_STANDARD

[Global flags]
     intx CICompilerCount                          = 2                                         {product} {ergonomic}
     uint ConcGCThreads                            = 1                                         {product} {ergonomic}
     uint G1ConcRefinementThreads                  = 2                                         {product} {ergonomic}
   size_t G1HeapRegionSize                         = 1048576                                   {product} {ergonomic}
    uintx GCDrainStackTargetSize                   = 64                                        {product} {ergonomic}
   size_t InitialHeapSize                          = 62914560                                  {product} {ergonomic}
   size_t MarkStackSize                            = 4194304                                   {product} {ergonomic}
   size_t MaxHeapSize                              = 536870912                                 {product} {command line}
   size_t MaxNewSize                               = 321912832                                 {product} {ergonomic}
   size_t MinHeapDeltaBytes                        = 1048576                                   {product} {ergonomic}
    uintx NonNMethodCodeHeapSize                   = 5825164                                {pd product} {ergonomic}
    uintx NonProfiledCodeHeapSize                  = 122916538                              {pd product} {ergonomic}
    uintx ProfiledCodeHeapSize                     = 122916538                              {pd product} {ergonomic}
    uintx ReservedCodeCacheSize                    = 251658240                              {pd product} {ergonomic}
     bool SegmentedCodeCache                       = true                                      {product} {ergonomic}
     bool UseCompressedClassPointers               = true                                 {lp64_product} {ergonomic}
     bool UseCompressedOops                        = true                                 {lp64_product} {ergonomic}
     bool UseG1GC                                  = true                                      {product} {ergonomic}
     bool UseLargePagesIndividualAllocation        = false                                  {pd product} {ergonomic}

Logging:
Log output configuration:
 #0: stdout all=warning uptime,level,tags
 #1: stderr all=off uptime,level,tags

Environment Variables:
PATH=C:\Program Files\Eclipse Adoptium\jdk-11.0.19.7-hotspot\bin;C:\WINDOWS\system32;C:\WINDOWS;C:\WINDOWS\System32\Wbem;C:\WINDOWS\System32\WindowsPowerShell\v1.0\;C:\WINDOWS\System32\OpenSSH\;C:\Program Files\Git\cmd;C:\Users\1\AppData\Local\Microsoft\WindowsApps;;C:\Users\1\AppData\Local\Programs\Microsoft VS Code\bin
USERNAME=1
OS=Windows_NT
PROCESSOR_IDENTIFIER=Intel64 Family 6 Model 37 Stepping 5, GenuineIntel
TMP=C:\Users\1\AppData\Local\Temp
TEMP=C:\Users\1\AppData\Local\Temp



---------------  S Y S T E M  ---------------

OS: Windows 10 , 64 bit Build 19041 (10.0.19041.3570)
OS uptime: 0 days 0:38 hours

CPU:total 2 (initial active 2) (2 cores per cpu, 1 threads per core) family 6 model 37 stepping 5 microcode 0x7, cmov, cx8, fxsr, mmx, sse, sse2, sse3, ssse3, popcnt, tsc, tscinvbit

Memory: 4k page, system-wide physical 3766M (249M free)
TotalPageFile size 5814M (AvailPageFile size 5M)
current process WorkingSet (physical memory assigned to process): 159M, peak: 159M
current process commit charge ("private bytes"): 206M, peak: 207M

vm_info: OpenJDK 64-Bit Server VM (11.0.20+8-LTS) for windows-amd64 JRE (11.0.20+8-LTS), built on Jul 11 2023 19:58:45 by "Administrator" with MS VC++ 15.9 (VS2017)

END.
