#
# There is insufficient memory for the Java Runtime Environment to continue.
# Native memory allocation (malloc) failed to allocate 32744 bytes for ChunkPool::allocate
# Possible reasons:
#   The system is out of physical RAM or swap space
#   The process is running with CompressedOops enabled, and the Java Heap may be blocking the growth of the native heap
# Possible solutions:
#   Reduce memory load on the system
#   Increase physical memory or swap space
#   Check if swap backing store is full
#   Decrease Java heap size (-Xmx/-Xms)
#   Decrease number of Java threads
#   Decrease Java thread stack sizes (-Xss)
#   Set larger code cache with -XX:ReservedCodeCacheSize=
#   JVM is running with Unscaled Compressed Oops mode in which the Java heap is
#     placed in the first 4GB address space. The Java Heap base address is the
#     maximum limit for the native heap growth. Please use -XX:HeapBaseMinAddress
#     to set the Java Heap base and to place the Java Heap above 4GB virtual address.
# This output file may be truncated or incomplete.
#
#  Out of Memory Error (arena.cpp:81), pid=2320, tid=1708
#
# JRE version: OpenJDK Runtime Environment Corretto-11.0.20.8.1 (11.0.20+8) (build 11.0.20+8-LTS)
# Java VM: OpenJDK 64-Bit Server VM Corretto-11.0.20.8.1 (11.0.20+8-LTS, mixed mode, tiered, compressed oops, g1 gc, windows-amd64)
# No core dump will be written. Minidumps are not enabled by default on client versions of Windows
#

---------------  S U M M A R Y ------------

Command Line: -Dorg.gradle.native=false -Xmx512m -Dfile.encoding=windows-1251 -Duser.country=RU -Duser.language=ru -Duser.variant -ea worker.org.gradle.process.internal.worker.GradleWorkerMain 'Gradle Test Executor 2'

Host: Intel(R) Pentium(R) CPU        P6200  @ 2.13GHz, 2 cores, 3G,  Windows 10 , 64 bit Build 19041 (10.0.19041.3570)
Time: Mon Oct 23 22:30:57 2023 RTZ 2 (s 10 , 64 bit Build 19041 (10.0.19041.3570) elapsed time: 13.226536 seconds (0d 0h 0m 13s)

---------------  T H R E A D  ---------------

Current thread (0x000001a9c3b06800):  JavaThread "Test worker" [_thread_in_vm, id=1708, stack(0x0000005191500000,0x0000005191600000)]

Stack: [0x0000005191500000,0x0000005191600000]
Native frames: (J=compiled Java code, j=interpreted, Vv=VM code, C=native code)
V  [jvm.dll+0x62418a]
V  [jvm.dll+0x7b1d69]
V  [jvm.dll+0x7b3458]
V  [jvm.dll+0x7b3b33]
V  [jvm.dll+0x250148]
V  [jvm.dll+0xc28ab]
V  [jvm.dll+0xc2c0c]
V  [jvm.dll+0x73ef5a]
V  [jvm.dll+0x707c7a]
V  [jvm.dll+0x24c5dd]
V  [jvm.dll+0x3884c3]
V  [jvm.dll+0x366566]
V  [jvm.dll+0x385773]
V  [jvm.dll+0x1c7892]
V  [jvm.dll+0x1c6d9e]
V  [jvm.dll+0x4f8632]
V  [jvm.dll+0x74a509]
V  [jvm.dll+0x3f9708]
V  [jvm.dll+0x3ff9fb]
C  [java.dll+0x19c8]

Java frames: (J=compiled Java code, j=interpreted, Vv=VM code)
J 812  java.lang.ClassLoader.defineClass1(Ljava/lang/ClassLoader;Ljava/lang/String;[BIILjava/security/ProtectionDomain;Ljava/lang/String;)Ljava/lang/Class; java.base@11.0.20 (0 bytes) @ 0x000001a9b802697b [0x000001a9b80268c0+0x00000000000000bb]
J 988 c1 java.lang.ClassLoader.defineClass(Ljava/lang/String;[BIILjava/security/ProtectionDomain;)Ljava/lang/Class; java.base@11.0.20 (43 bytes) @ 0x000001a9b0c891e4 [0x000001a9b0c88ea0+0x0000000000000344]
J 1307 c1 jdk.internal.loader.BuiltinClassLoader.defineClass(Ljava/lang/String;Ljdk/internal/loader/Resource;)Ljava/lang/Class; java.base@11.0.20 (121 bytes) @ 0x000001a9b0d43d4c [0x000001a9b0d42cc0+0x000000000000108c]
J 1250 c1 jdk.internal.loader.BuiltinClassLoader.findClassOnClassPathOrNull(Ljava/lang/String;)Ljava/lang/Class; java.base@11.0.20 (64 bytes) @ 0x000001a9b0d22bac [0x000001a9b0d229c0+0x00000000000001ec]
J 364 c1 jdk.internal.loader.BuiltinClassLoader.loadClassOrNull(Ljava/lang/String;Z)Ljava/lang/Class; java.base@11.0.20 (143 bytes) @ 0x000001a9b0b3ab0c [0x000001a9b0b39a00+0x000000000000110c]
J 1079 c1 jdk.internal.loader.ClassLoaders$AppClassLoader.loadClass(Ljava/lang/String;Z)Ljava/lang/Class; java.base@11.0.20 (40 bytes) @ 0x000001a9b0cd0204 [0x000001a9b0ccfc60+0x00000000000005a4]
J 300 c1 java.lang.ClassLoader.loadClass(Ljava/lang/String;)Ljava/lang/Class; java.base@11.0.20 (7 bytes) @ 0x000001a9b0b20bbc [0x000001a9b0b20ac0+0x00000000000000fc]
v  ~StubRoutines::call_stub
j  com.github.fge.jsonschema.core.keyword.syntax.checkers.common.PatternSyntaxChecker.checkValue(Ljava/util/Collection;Lcom/github/fge/msgsimple/bundle/MessageBundle;Lcom/github/fge/jsonschema/core/report/ProcessingReport;Lcom/github/fge/jsonschema/core/tree/SchemaTree;)V+13
j  com.github.fge.jsonschema.core.keyword.syntax.checkers.AbstractSyntaxChecker.checkSyntax(Ljava/util/Collection;Lcom/github/fge/msgsimple/bundle/MessageBundle;Lcom/github/fge/jsonschema/core/report/ProcessingReport;Lcom/github/fge/jsonschema/core/tree/SchemaTree;)V+65
j  com.github.fge.jsonschema.core.keyword.syntax.SyntaxProcessor.validate(Lcom/github/fge/jsonschema/core/report/ProcessingReport;Lcom/github/fge/jsonschema/core/tree/SchemaTree;)V+184
j  com.github.fge.jsonschema.core.keyword.syntax.SyntaxProcessor.validate(Lcom/github/fge/jsonschema/core/report/ProcessingReport;Lcom/github/fge/jsonschema/core/tree/SchemaTree;)V+233
j  com.github.fge.jsonschema.core.keyword.syntax.SyntaxProcessor.validate(Lcom/github/fge/jsonschema/core/report/ProcessingReport;Lcom/github/fge/jsonschema/core/tree/SchemaTree;)V+233
j  com.github.fge.jsonschema.core.keyword.syntax.SyntaxProcessor.rawProcess(Lcom/github/fge/jsonschema/core/report/ProcessingReport;Lcom/github/fge/jsonschema/core/tree/SchemaTree;)Lcom/github/fge/jsonschema/core/tree/SchemaTree;+3
j  com.github.fge.jsonschema.core.keyword.syntax.SyntaxProcessor.rawProcess(Lcom/github/fge/jsonschema/core/report/ProcessingReport;Ljava/lang/Object;)Ljava/lang/Object;+6
j  com.github.fge.jsonschema.core.processing.RawProcessor.process(Lcom/github/fge/jsonschema/core/report/ProcessingReport;Lcom/github/fge/jsonschema/core/util/ValueHolder;)Lcom/github/fge/jsonschema/core/util/ValueHolder;+8
j  com.github.fge.jsonschema.core.processing.RawProcessor.process(Lcom/github/fge/jsonschema/core/report/ProcessingReport;Lcom/github/fge/jsonschema/core/report/MessageProvider;)Lcom/github/fge/jsonschema/core/report/MessageProvider;+6
j  com.github.fge.jsonschema.core.processing.ProcessorChain$ProcessorMerger.process(Lcom/github/fge/jsonschema/core/report/ProcessingReport;Lcom/github/fge/jsonschema/core/report/MessageProvider;)Lcom/github/fge/jsonschema/core/report/MessageProvider;+18
j  com.github.fge.jsonschema.core.processing.ProcessingResult.of(Lcom/github/fge/jsonschema/core/processing/Processor;Lcom/github/fge/jsonschema/core/report/ProcessingReport;Lcom/github/fge/jsonschema/core/report/MessageProvider;)Lcom/github/fge/jsonschema/core/processing/ProcessingResult;+13
j  com.github.fge.jsonschema.core.processing.CachingProcessor$1.load(Lcom/google/common/base/Equivalence$Wrapper;)Lcom/github/fge/jsonschema/core/processing/ProcessingResult;+31
j  com.github.fge.jsonschema.core.processing.CachingProcessor$1.load(Ljava/lang/Object;)Ljava/lang/Object;+5
j  com.google.common.cache.LocalCache$LoadingValueReference.loadFuture(Ljava/lang/Object;Lcom/google/common/cache/CacheLoader;)Lcom/google/common/util/concurrent/ListenableFuture;+24
j  com.google.common.cache.LocalCache$Segment.loadSync(Ljava/lang/Object;ILcom/google/common/cache/LocalCache$LoadingValueReference;Lcom/google/common/cache/CacheLoader;)Ljava/lang/Object;+4
j  com.google.common.cache.LocalCache$Segment.lockedGetOrLoad(Ljava/lang/Object;ILcom/google/common/cache/CacheLoader;)Ljava/lang/Object;+379
j  com.google.common.cache.LocalCache$Segment.get(Ljava/lang/Object;ILcom/google/common/cache/CacheLoader;)Ljava/lang/Object;+138
j  com.google.common.cache.LocalCache.get(Ljava/lang/Object;Lcom/google/common/cache/CacheLoader;)Ljava/lang/Object;+17
j  com.google.common.cache.LocalCache.getOrLoad(Ljava/lang/Object;)Ljava/lang/Object;+6
j  com.google.common.cache.LocalCache$LocalLoadingCache.get(Ljava/lang/Object;)Ljava/lang/Object;+5
j  com.github.fge.jsonschema.core.processing.CachingProcessor.process(Lcom/github/fge/jsonschema/core/report/ProcessingReport;Lcom/github/fge/jsonschema/core/report/MessageProvider;)Lcom/github/fge/jsonschema/core/report/MessageProvider;+12
j  com.github.fge.jsonschema.processors.validation.ValidationChain.process(Lcom/github/fge/jsonschema/core/report/ProcessingReport;Lcom/github/fge/jsonschema/processors/data/SchemaContext;)Lcom/github/fge/jsonschema/processors/data/ValidatorList;+27
j  com.github.fge.jsonschema.processors.validation.ValidationChain.process(Lcom/github/fge/jsonschema/core/report/ProcessingReport;Lcom/github/fge/jsonschema/core/report/MessageProvider;)Lcom/github/fge/jsonschema/core/report/MessageProvider;+6
j  com.github.fge.jsonschema.core.processing.ProcessorMap$Mapper.process(Lcom/github/fge/jsonschema/core/report/ProcessingReport;Lcom/github/fge/jsonschema/core/report/MessageProvider;)Lcom/github/fge/jsonschema/core/report/MessageProvider;+78
j  com.github.fge.jsonschema.core.processing.ProcessingResult.of(Lcom/github/fge/jsonschema/core/processing/Processor;Lcom/github/fge/jsonschema/core/report/ProcessingReport;Lcom/github/fge/jsonschema/core/report/MessageProvider;)Lcom/github/fge/jsonschema/core/processing/ProcessingResult;+13
j  com.github.fge.jsonschema.core.processing.CachingProcessor$1.load(Lcom/google/common/base/Equivalence$Wrapper;)Lcom/github/fge/jsonschema/core/processing/ProcessingResult;+31
j  com.github.fge.jsonschema.core.processing.CachingProcessor$1.load(Ljava/lang/Object;)Ljava/lang/Object;+5
j  com.google.common.cache.LocalCache$LoadingValueReference.loadFuture(Ljava/lang/Object;Lcom/google/common/cache/CacheLoader;)Lcom/google/common/util/concurrent/ListenableFuture;+24
j  com.google.common.cache.LocalCache$Segment.loadSync(Ljava/lang/Object;ILcom/google/common/cache/LocalCache$LoadingValueReference;Lcom/google/common/cache/CacheLoader;)Ljava/lang/Object;+4
j  com.google.common.cache.LocalCache$Segment.lockedGetOrLoad(Ljava/lang/Object;ILcom/google/common/cache/CacheLoader;)Ljava/lang/Object;+379
j  com.google.common.cache.LocalCache$Segment.get(Ljava/lang/Object;ILcom/google/common/cache/CacheLoader;)Ljava/lang/Object;+138
j  com.google.common.cache.LocalCache.get(Ljava/lang/Object;Lcom/google/common/cache/CacheLoader;)Ljava/lang/Object;+17
j  com.google.common.cache.LocalCache.getOrLoad(Ljava/lang/Object;)Ljava/lang/Object;+6
j  com.google.common.cache.LocalCache$LocalLoadingCache.get(Ljava/lang/Object;)Ljava/lang/Object;+5
j  com.github.fge.jsonschema.core.processing.CachingProcessor.process(Lcom/github/fge/jsonschema/core/report/ProcessingReport;Lcom/github/fge/jsonschema/core/report/MessageProvider;)Lcom/github/fge/jsonschema/core/report/MessageProvider;+12
j  com.github.fge.jsonschema.processors.validation.InstanceValidator.process(Lcom/github/fge/jsonschema/core/report/ProcessingReport;Lcom/github/fge/jsonschema/processors/data/FullData;)Lcom/github/fge/jsonschema/processors/data/FullData;+23
j  com.github.fge.jsonschema.processors.validation.ValidationProcessor.process(Lcom/github/fge/jsonschema/core/report/ProcessingReport;Lcom/github/fge/jsonschema/processors/data/FullData;)Lcom/github/fge/jsonschema/processors/data/FullData;+23
j  com.github.fge.jsonschema.processors.validation.ValidationProcessor.process(Lcom/github/fge/jsonschema/core/report/ProcessingReport;Lcom/github/fge/jsonschema/core/report/MessageProvider;)Lcom/github/fge/jsonschema/core/report/MessageProvider;+6
j  com.github.fge.jsonschema.core.processing.ProcessingResult.of(Lcom/github/fge/jsonschema/core/processing/Processor;Lcom/github/fge/jsonschema/core/report/ProcessingReport;Lcom/github/fge/jsonschema/core/report/MessageProvider;)Lcom/github/fge/jsonschema/core/processing/ProcessingResult;+13
j  com.github.fge.jsonschema.main.JsonSchemaImpl.doValidate(Lcom/fasterxml/jackson/databind/JsonNode;Z)Lcom/github/fge/jsonschema/core/report/ProcessingReport;+39
j  com.github.fge.jsonschema.main.JsonSchemaImpl.validate(Lcom/fasterxml/jackson/databind/JsonNode;Z)Lcom/github/fge/jsonschema/core/report/ProcessingReport;+3
j  com.github.fge.jsonschema.main.JsonSchemaImpl.validate(Lcom/fasterxml/jackson/databind/JsonNode;)Lcom/github/fge/jsonschema/core/report/ProcessingReport;+3
j  io.restassured.module.jsv.JsonSchemaValidator.matchesSafely(Ljava/lang/String;)Z+142
j  io.restassured.module.jsv.JsonSchemaValidator.matchesSafely(Ljava/lang/Object;)Z+5
j  org.hamcrest.TypeSafeMatcher.matches(Ljava/lang/Object;)Z+17
j  io.restassured.internal.assertion.BodyMatcher.validate(Lio/restassured/response/Response;Ljava/lang/Object;Lio/restassured/config/RestAssuredConfig;)Ljava/util/Map;+246
j  io.restassured.internal.assertion.BodyMatcherGroup.lambda$validate$0(Lio/restassured/response/Response;Ljava/lang/Object;Lio/restassured/config/RestAssuredConfig;Lio/restassured/internal/assertion/BodyMatcher;)Ljava/util/Map;+4
j  io.restassured.internal.assertion.BodyMatcherGroup$$Lambda$492.apply(Ljava/lang/Object;)Ljava/lang/Object;+16
J 2621 c2 java.util.stream.ReferencePipeline$3$1.accept(Ljava/lang/Object;)V java.base@11.0.20 (23 bytes) @ 0x000001a9b80e90ec [0x000001a9b80e90a0+0x000000000000004c]
j  java.util.ArrayList$ArrayListSpliterator.forEachRemaining(Ljava/util/function/Consumer;)V+95 java.base@11.0.20
J 1413 c1 java.util.stream.AbstractPipeline.copyInto(Ljava/util/stream/Sink;Ljava/util/Spliterator;)V java.base@11.0.20 (54 bytes) @ 0x000001a9b0d6f194 [0x000001a9b0d6edc0+0x00000000000003d4]
J 1412 c1 java.util.stream.AbstractPipeline.wrapAndCopyInto(Ljava/util/stream/Sink;Ljava/util/Spliterator;)Ljava/util/stream/Sink; java.base@11.0.20 (18 bytes) @ 0x000001a9b0d6e82c [0x000001a9b0d6e600+0x000000000000022c]
J 2613 c1 java.util.stream.ReduceOps$ReduceOp.evaluateSequential(Ljava/util/stream/PipelineHelper;Ljava/util/Spliterator;)Ljava/lang/Object; java.base@11.0.20 (18 bytes) @ 0x000001a9b1020734 [0x000001a9b1020580+0x00000000000001b4]
J 1415 c1 java.util.stream.AbstractPipeline.evaluate(Ljava/util/stream/TerminalOp;)Ljava/lang/Object; java.base@11.0.20 (94 bytes) @ 0x000001a9b0d7070c [0x000001a9b0d702c0+0x000000000000044c]
J 2586 c1 java.util.stream.ReferencePipeline.collect(Ljava/util/stream/Collector;)Ljava/lang/Object; java.base@11.0.20 (124 bytes) @ 0x000001a9b101892c [0x000001a9b1018440+0x00000000000004ec]
j  io.restassured.internal.assertion.BodyMatcherGroup.validate(Lio/restassured/response/Response;Ljava/lang/Object;Lio/restassured/config/RestAssuredConfig;)Ljava/util/List;+25
j  io.restassured.internal.assertion.BodyMatcherGroup$validate$3.call(Ljava/lang/Object;[Ljava/lang/Object;)Ljava/lang/Object;+28
J 3195 c1 org.codehaus.groovy.runtime.callsite.AbstractCallSite.call(Ljava/lang/Object;[Ljava/lang/Object;)Ljava/lang/Object; (7 bytes) @ 0x000001a9b119f94c [0x000001a9b119f7e0+0x000000000000016c]
j  org.codehaus.groovy.runtime.callsite.AbstractCallSite.call(Ljava/lang/Object;Ljava/lang/Object;Ljava/lang/Object;Ljava/lang/Object;)Ljava/lang/Object;+42
j  io.restassured.internal.ResponseSpecificationImpl$HamcrestAssertionClosure.validate(Lio/restassured/response/Response;)Ljava/lang/Object;+353
j  io.restassured.internal.ResponseSpecificationImpl$HamcrestAssertionClosure$validate$1.call(Ljava/lang/Object;Ljava/lang/Object;)Ljava/lang/Object;+17
j  io.restassured.internal.ResponseSpecificationImpl.validateResponseIfRequired(Lgroovy/lang/Closure;)V+170
j  io.restassured.internal.ResponseSpecificationImpl.this$2$validateResponseIfRequired(Lgroovy/lang/Closure;)V+2
v  ~StubRoutines::call_stub
J 2734  jdk.internal.reflect.NativeMethodAccessorImpl.invoke0(Ljava/lang/reflect/Method;Ljava/lang/Object;[Ljava/lang/Object;)Ljava/lang/Object; java.base@11.0.20 (0 bytes) @ 0x000001a9b80f323f [0x000001a9b80f31c0+0x000000000000007f]
J 2733 c1 jdk.internal.reflect.NativeMethodAccessorImpl.invoke(Ljava/lang/Object;[Ljava/lang/Object;)Ljava/lang/Object; java.base@11.0.20 (104 bytes) @ 0x000001a9b1069824 [0x000001a9b1068c40+0x0000000000000be4]
J 3117 c1 jdk.internal.reflect.DelegatingMethodAccessorImpl.invoke(Ljava/lang/Object;[Ljava/lang/Object;)Ljava/lang/Object; java.base@11.0.20 (10 bytes) @ 0x000001a9b1172c3c [0x000001a9b1172b40+0x00000000000000fc]
J 2678 c1 java.lang.reflect.Method.invoke(Ljava/lang/Object;[Ljava/lang/Object;)Ljava/lang/Object; java.base@11.0.20 (65 bytes) @ 0x000001a9b10451cc [0x000001a9b1044ea0+0x000000000000032c]
j  org.codehaus.groovy.runtime.callsite.PlainObjectMetaMethodSite.doInvoke(Ljava/lang/Object;[Ljava/lang/Object;Ljava/lang/reflect/Method;)Ljava/lang/Object;+3
j  org.codehaus.groovy.runtime.callsite.PogoMetaMethodSite$PogoCachedMethodSiteNoUnwrapNoCoerce.invoke(Ljava/lang/Object;[Ljava/lang/Object;)Ljava/lang/Object;+6
j  org.codehaus.groovy.runtime.callsite.PogoMetaMethodSite.callCurrent(Lgroovy/lang/GroovyObject;[Ljava/lang/Object;)Ljava/lang/Object;+12
j  org.codehaus.groovy.runtime.callsite.CallSiteArray.defaultCallCurrent(Lorg/codehaus/groovy/runtime/callsite/CallSite;Lgroovy/lang/GroovyObject;[Ljava/lang/Object;)Ljava/lang/Object;+17
j  org.codehaus.groovy.runtime.callsite.AbstractCallSite.callCurrent(Lgroovy/lang/GroovyObject;[Ljava/lang/Object;)Ljava/lang/Object;+3
j  org.codehaus.groovy.runtime.callsite.AbstractCallSite.callCurrent(Lgroovy/lang/GroovyObject;Ljava/lang/Object;)Ljava/lang/Object;+33
j  io.restassured.internal.ResponseSpecificationImpl.body(Lorg/hamcrest/Matcher;[Lorg/hamcrest/Matcher;)Lio/restassured/specification/ResponseSpecification;+66
j  io.restassured.internal.ValidatableResponseOptionsImpl.body(Lorg/hamcrest/Matcher;[Lorg/hamcrest/Matcher;)Lio/restassured/response/ValidatableResponseOptions;+6
j  ru.netology.rest.MobileBankApiTestV4.shouldReturnDemoAccounts()V+70
v  ~StubRoutines::call_stub
j  jdk.internal.reflect.NativeMethodAccessorImpl.invoke0(Ljava/lang/reflect/Method;Ljava/lang/Object;[Ljava/lang/Object;)Ljava/lang/Object;+0 java.base@11.0.20
j  jdk.internal.reflect.NativeMethodAccessorImpl.invoke(Ljava/lang/Object;[Ljava/lang/Object;)Ljava/lang/Object;+100 java.base@11.0.20
j  jdk.internal.reflect.DelegatingMethodAccessorImpl.invoke(Ljava/lang/Object;[Ljava/lang/Object;)Ljava/lang/Object;+6 java.base@11.0.20
j  java.lang.reflect.Method.invoke(Ljava/lang/Object;[Ljava/lang/Object;)Ljava/lang/Object;+59 java.base@11.0.20
j  org.junit.platform.commons.util.ReflectionUtils.invokeMethod(Ljava/lang/reflect/Method;Ljava/lang/Object;[Ljava/lang/Object;)Ljava/lang/Object;+41
j  org.junit.jupiter.engine.execution.MethodInvocation.proceed()Ljava/lang/Object;+16
j  org.junit.jupiter.engine.execution.InvocationInterceptorChain$ValidatingInvocation.proceed()Ljava/lang/Object;+8
j  org.junit.jupiter.engine.extension.TimeoutExtension.intercept(Lorg/junit/jupiter/api/extension/InvocationInterceptor$Invocation;Lorg/junit/jupiter/api/extension/ReflectiveInvocationContext;Lorg/junit/jupiter/api/extension/ExtensionContext;Lorg/junit/jupiter/engine/extension/TimeoutDuration;Lorg/junit/jupiter/engine/extension/TimeoutExtension$TimeoutProvider;)Ljava/lang/Object;+28
j  org.junit.jupiter.engine.extension.TimeoutExtension.interceptTestableMethod(Lorg/junit/jupiter/api/extension/InvocationInterceptor$Invocation;Lorg/junit/jupiter/api/extension/ReflectiveInvocationContext;Lorg/junit/jupiter/api/extension/ExtensionContext;Lorg/junit/jupiter/engine/extension/TimeoutExtension$TimeoutProvider;)Ljava/lang/Object;+31
j  org.junit.jupiter.engine.extension.TimeoutExtension.interceptTestMethod(Lorg/junit/jupiter/api/extension/InvocationInterceptor$Invocation;Lorg/junit/jupiter/api/extension/ReflectiveInvocationContext;Lorg/junit/jupiter/api/extension/ExtensionContext;)V+9
j  org.junit.jupiter.engine.descriptor.TestMethodTestDescriptor$$Lambda$148.apply(Lorg/junit/jupiter/api/extension/InvocationInterceptor;Lorg/junit/jupiter/api/extension/InvocationInterceptor$Invocation;Lorg/junit/jupiter/api/extension/ReflectiveInvocationContext;Lorg/junit/jupiter/api/extension/ExtensionContext;)V+5
j  org.junit.jupiter.engine.execution.ExecutableInvoker$ReflectiveInterceptorCall.lambda$ofVoidMethod$0(Lorg/junit/jupiter/engine/execution/ExecutableInvoker$ReflectiveInterceptorCall$VoidMethodInterceptorCall;Lorg/junit/jupiter/api/extension/InvocationInterceptor;Lorg/junit/jupiter/api/extension/InvocationInterceptor$Invocation;Lorg/junit/jupiter/api/extension/ReflectiveInvocationContext;Lorg/junit/jupiter/api/extension/ExtensionContext;)Ljava/lang/Void;+6
j  org.junit.jupiter.engine.execution.ExecutableInvoker$ReflectiveInterceptorCall$$Lambda$149.apply(Lorg/junit/jupiter/api/extension/InvocationInterceptor;Lorg/junit/jupiter/api/extension/InvocationInterceptor$Invocation;Lorg/junit/jupiter/api/extension/ReflectiveInvocationContext;Lorg/junit/jupiter/api/extension/ExtensionContext;)Ljava/lang/Object;+9
j  org.junit.jupiter.engine.execution.ExecutableInvoker.lambda$invoke$0(Lorg/junit/jupiter/engine/execution/ExecutableInvoker$ReflectiveInterceptorCall;Lorg/junit/jupiter/api/extension/ReflectiveInvocationContext;Lorg/junit/jupiter/api/extension/ExtensionContext;Lorg/junit/jupiter/api/extension/InvocationInterceptor;Lorg/junit/jupiter/api/extension/InvocationInterceptor$Invocation;)Ljava/lang/Object;+6
j  org.junit.jupiter.engine.execution.ExecutableInvoker$$Lambda$280.apply(Lorg/junit/jupiter/api/extension/InvocationInterceptor;Lorg/junit/jupiter/api/extension/InvocationInterceptor$Invocation;)Ljava/lang/Object;+14
j  org.junit.jupiter.engine.execution.InvocationInterceptorChain$InterceptedInvocation.proceed()Ljava/lang/Object;+12
j  org.junit.jupiter.engine.execution.InvocationInterceptorChain.proceed(Lorg/junit/jupiter/api/extension/InvocationInterceptor$Invocation;)Ljava/lang/Object;+1
j  org.junit.jupiter.engine.execution.InvocationInterceptorChain.chainAndInvoke(Lorg/junit/jupiter/api/extension/InvocationInterceptor$Invocation;Lorg/junit/jupiter/engine/execution/InvocationInterceptorChain$InterceptorCall;Ljava/util/List;)Ljava/lang/Object;+24
j  org.junit.jupiter.engine.execution.InvocationInterceptorChain.invoke(Lorg/junit/jupiter/api/extension/InvocationInterceptor$Invocation;Lorg/junit/jupiter/engine/extension/ExtensionRegistry;Lorg/junit/jupiter/engine/execution/InvocationInterceptorChain$InterceptorCall;)Ljava/lang/Object;+31
j  org.junit.jupiter.engine.execution.ExecutableInvoker.invoke(Lorg/junit/jupiter/api/extension/InvocationInterceptor$Invocation;Lorg/junit/jupiter/api/extension/ReflectiveInvocationContext;Lorg/junit/jupiter/api/extension/ExtensionContext;Lorg/junit/jupiter/engine/extension/ExtensionRegistry;Lorg/junit/jupiter/engine/execution/ExecutableInvoker$ReflectiveInterceptorCall;)Ljava/lang/Object;+15
j  org.junit.jupiter.engine.execution.ExecutableInvoker.invoke(Ljava/lang/reflect/Method;Ljava/lang/Object;Lorg/junit/jupiter/api/extension/ExtensionContext;Lorg/junit/jupiter/engine/extension/ExtensionRegistry;Lorg/junit/jupiter/engine/execution/ExecutableInvoker$ReflectiveInterceptorCall;)Ljava/lang/Object;+56
j  org.junit.jupiter.engine.descriptor.TestMethodTestDescriptor.lambda$invokeTestMethod$6(Lorg/junit/jupiter/api/extension/ExtensionContext;Lorg/junit/jupiter/engine/execution/JupiterEngineExecutionContext;)V+28
j  org.junit.jupiter.engine.descriptor.TestMethodTestDescriptor$$Lambda$291.execute()V+12
j  org.junit.platform.engine.support.hierarchical.ThrowableCollector.execute(Lorg/junit/platform/engine/support/hierarchical/ThrowableCollector$Executable;)V+1
j  org.junit.jupiter.engine.descriptor.TestMethodTestDescriptor.invokeTestMethod(Lorg/junit/jupiter/engine/execution/JupiterEngineExecutionContext;Lorg/junit/platform/engine/support/hierarchical/Node$DynamicTestExecutor;)V+21
j  org.junit.jupiter.engine.descriptor.TestMethodTestDescriptor.execute(Lorg/junit/jupiter/engine/execution/JupiterEngineExecutionContext;Lorg/junit/platform/engine/support/hierarchical/Node$DynamicTestExecutor;)Lorg/junit/jupiter/engine/execution/JupiterEngineExecutionContext;+44
j  org.junit.jupiter.engine.descriptor.TestMethodTestDescriptor.execute(Lorg/junit/platform/engine/support/hierarchical/EngineExecutionContext;Lorg/junit/platform/engine/support/hierarchical/Node$DynamicTestExecutor;)Lorg/junit/platform/engine/support/hierarchical/EngineExecutionContext;+6
j  org.junit.platform.engine.support.hierarchical.NodeTestTask.lambda$executeRecursively$5()V+79
j  org.junit.platform.engine.support.hierarchical.NodeTestTask$$Lambda$223.execute()V+4
j  org.junit.platform.engine.support.hierarchical.ThrowableCollector.execute(Lorg/junit/platform/engine/support/hierarchical/ThrowableCollector$Executable;)V+1
j  org.junit.platform.engine.support.hierarchical.NodeTestTask.lambda$executeRecursively$7(Lorg/junit/platform/engine/support/hierarchical/EngineExecutionContext;)V+15
j  org.junit.platform.engine.support.hierarchical.NodeTestTask$$Lambda$222.invoke(Lorg/junit/platform/engine/support/hierarchical/EngineExecutionContext;)V+5
j  org.junit.platform.engine.support.hierarchical.Node.around(Lorg/junit/platform/engine/support/hierarchical/EngineExecutionContext;Lorg/junit/platform/engine/support/hierarchical/Node$Invocation;)V+2
j  org.junit.platform.engine.support.hierarchical.NodeTestTask.lambda$executeRecursively$8()V+14
j  org.junit.platform.engine.support.hierarchical.NodeTestTask$$Lambda$221.execute()V+4
j  org.junit.platform.engine.support.hierarchical.ThrowableCollector.execute(Lorg/junit/platform/engine/support/hierarchical/ThrowableCollector$Executable;)V+1
j  org.junit.platform.engine.support.hierarchical.NodeTestTask.executeRecursively()V+31
j  org.junit.platform.engine.support.hierarchical.NodeTestTask.execute()V+55
j  org.junit.platform.engine.support.hierarchical.SameThreadHierarchicalTestExecutorService$$Lambda$227.accept(Ljava/lang/Object;)V+4
j  java.util.ArrayList.forEach(Ljava/util/function/Consumer;)V+46 java.base@11.0.20
j  org.junit.platform.engine.support.hierarchical.SameThreadHierarchicalTestExecutorService.invokeAll(Ljava/util/List;)V+6
j  org.junit.platform.engine.support.hierarchical.NodeTestTask.lambda$executeRecursively$5()V+116
j  org.junit.platform.engine.support.hierarchical.NodeTestTask$$Lambda$223.execute()V+4
j  org.junit.platform.engine.support.hierarchical.ThrowableCollector.execute(Lorg/junit/platform/engine/support/hierarchical/ThrowableCollector$Executable;)V+1
j  org.junit.platform.engine.support.hierarchical.NodeTestTask.lambda$executeRecursively$7(Lorg/junit/platform/engine/support/hierarchical/EngineExecutionContext;)V+15
j  org.junit.platform.engine.support.hierarchical.NodeTestTask$$Lambda$222.invoke(Lorg/junit/platform/engine/support/hierarchical/EngineExecutionContext;)V+5
j  org.junit.platform.engine.support.hierarchical.Node.around(Lorg/junit/platform/engine/support/hierarchical/EngineExecutionContext;Lorg/junit/platform/engine/support/hierarchical/Node$Invocation;)V+2
j  org.junit.platform.engine.support.hierarchical.NodeTestTask.lambda$executeRecursively$8()V+14
j  org.junit.platform.engine.support.hierarchical.NodeTestTask$$Lambda$221.execute()V+4
j  org.junit.platform.engine.support.hierarchical.ThrowableCollector.execute(Lorg/junit/platform/engine/support/hierarchical/ThrowableCollector$Executable;)V+1
j  org.junit.platform.engine.support.hierarchical.NodeTestTask.executeRecursively()V+31
j  org.junit.platform.engine.support.hierarchical.NodeTestTask.execute()V+55
j  org.junit.platform.engine.support.hierarchical.SameThreadHierarchicalTestExecutorService$$Lambda$227.accept(Ljava/lang/Object;)V+4
j  java.util.ArrayList.forEach(Ljava/util/function/Consumer;)V+46 java.base@11.0.20
j  org.junit.platform.engine.support.hierarchical.SameThreadHierarchicalTestExecutorService.invokeAll(Ljava/util/List;)V+6
j  org.junit.platform.engine.support.hierarchical.NodeTestTask.lambda$executeRecursively$5()V+116
j  org.junit.platform.engine.support.hierarchical.NodeTestTask$$Lambda$223.execute()V+4
j  org.junit.platform.engine.support.hierarchical.ThrowableCollector.execute(Lorg/junit/platform/engine/support/hierarchical/ThrowableCollector$Executable;)V+1
j  org.junit.platform.engine.support.hierarchical.NodeTestTask.lambda$executeRecursively$7(Lorg/junit/platform/engine/support/hierarchical/EngineExecutionContext;)V+15
j  org.junit.platform.engine.support.hierarchical.NodeTestTask$$Lambda$222.invoke(Lorg/junit/platform/engine/support/hierarchical/EngineExecutionContext;)V+5
j  org.junit.platform.engine.support.hierarchical.Node.around(Lorg/junit/platform/engine/support/hierarchical/EngineExecutionContext;Lorg/junit/platform/engine/support/hierarchical/Node$Invocation;)V+2
j  org.junit.platform.engine.support.hierarchical.NodeTestTask.lambda$executeRecursively$8()V+14
j  org.junit.platform.engine.support.hierarchical.NodeTestTask$$Lambda$221.execute()V+4
j  org.junit.platform.engine.support.hierarchical.ThrowableCollector.execute(Lorg/junit/platform/engine/support/hierarchical/ThrowableCollector$Executable;)V+1
j  org.junit.platform.engine.support.hierarchical.NodeTestTask.executeRecursively()V+31
j  org.junit.platform.engine.support.hierarchical.NodeTestTask.execute()V+55
j  org.junit.platform.engine.support.hierarchical.SameThreadHierarchicalTestExecutorService.submit(Lorg/junit/platform/engine/support/hierarchical/HierarchicalTestExecutorService$TestTask;)Ljava/util/concurrent/Future;+1
j  org.junit.platform.engine.support.hierarchical.HierarchicalTestExecutor.execute()Ljava/util/concurrent/Future;+74
j  org.junit.platform.engine.support.hierarchical.HierarchicalTestEngine.execute(Lorg/junit/platform/engine/ExecutionRequest;)V+31
j  org.junit.platform.launcher.core.DefaultLauncher.execute(Lorg/junit/platform/engine/TestDescriptor;Lorg/junit/platform/engine/EngineExecutionListener;Lorg/junit/platform/engine/ConfigurationParameters;Lorg/junit/platform/engine/TestEngine;)V+24
j  org.junit.platform.launcher.core.DefaultLauncher.lambda$execute$5(Lorg/junit/platform/launcher/core/InternalTestPlan;Lorg/junit/platform/launcher/core/Root;Lorg/junit/platform/engine/ConfigurationParameters;Lorg/junit/platform/launcher/TestExecutionListener;)V+105
j  org.junit.platform.launcher.core.DefaultLauncher$$Lambda$187.accept(Ljava/lang/Object;)V+20
j  org.junit.platform.launcher.core.DefaultLauncher.withInterceptedStreams(Lorg/junit/platform/engine/ConfigurationParameters;Lorg/junit/platform/launcher/core/TestExecutionListenerRegistry;Ljava/util/function/Consumer;)V+43
j  org.junit.platform.launcher.core.DefaultLauncher.execute(Lorg/junit/platform/launcher/core/InternalTestPlan;[Lorg/junit/platform/launcher/TestExecutionListener;)V+33
j  org.junit.platform.launcher.core.DefaultLauncher.execute(Lorg/junit/platform/launcher/LauncherDiscoveryRequest;[Lorg/junit/platform/launcher/TestExecutionListener;)V+33
j  org.gradle.api.internal.tasks.testing.junitplatform.JUnitPlatformTestClassProcessor$CollectAllTestClassesExecutor.processAllTestClasses()V+58
j  org.gradle.api.internal.tasks.testing.junitplatform.JUnitPlatformTestClassProcessor$CollectAllTestClassesExecutor.access$000(Lorg/gradle/api/internal/tasks/testing/junitplatform/JUnitPlatformTestClassProcessor$CollectAllTestClassesExecutor;)V+1
j  org.gradle.api.internal.tasks.testing.junitplatform.JUnitPlatformTestClassProcessor.stop()V+4
j  org.gradle.api.internal.tasks.testing.SuiteTestClassProcessor.stop()V+4
v  ~StubRoutines::call_stub
j  jdk.internal.reflect.NativeMethodAccessorImpl.invoke0(Ljava/lang/reflect/Method;Ljava/lang/Object;[Ljava/lang/Object;)Ljava/lang/Object;+0 java.base@11.0.20
j  jdk.internal.reflect.NativeMethodAccessorImpl.invoke(Ljava/lang/Object;[Ljava/lang/Object;)Ljava/lang/Object;+100 java.base@11.0.20
j  jdk.internal.reflect.DelegatingMethodAccessorImpl.invoke(Ljava/lang/Object;[Ljava/lang/Object;)Ljava/lang/Object;+6 java.base@11.0.20
j  java.lang.reflect.Method.invoke(Ljava/lang/Object;[Ljava/lang/Object;)Ljava/lang/Object;+59 java.base@11.0.20
j  org.gradle.internal.dispatch.ReflectionDispatch.dispatch(Lorg/gradle/internal/dispatch/MethodInvocation;)V+19
j  org.gradle.internal.dispatch.ReflectionDispatch.dispatch(Ljava/lang/Object;)V+5
j  org.gradle.internal.dispatch.ContextClassLoaderDispatch.dispatch(Ljava/lang/Object;)V+22
j  org.gradle.internal.dispatch.ProxyDispatchAdapter$DispatchingInvocationHandler.invoke(Ljava/lang/Object;Ljava/lang/reflect/Method;[Ljava/lang/Object;)Ljava/lang/Object;+177
j  com.sun.proxy.$Proxy2.stop()V+9
j  org.gradle.api.internal.tasks.testing.worker.TestWorker.stop()V+12
v  ~StubRoutines::call_stub
j  jdk.internal.reflect.NativeMethodAccessorImpl.invoke0(Ljava/lang/reflect/Method;Ljava/lang/Object;[Ljava/lang/Object;)Ljava/lang/Object;+0 java.base@11.0.20
j  jdk.internal.reflect.NativeMethodAccessorImpl.invoke(Ljava/lang/Object;[Ljava/lang/Object;)Ljava/lang/Object;+100 java.base@11.0.20
j  jdk.internal.reflect.DelegatingMethodAccessorImpl.invoke(Ljava/lang/Object;[Ljava/lang/Object;)Ljava/lang/Object;+6 java.base@11.0.20
j  java.lang.reflect.Method.invoke(Ljava/lang/Object;[Ljava/lang/Object;)Ljava/lang/Object;+59 java.base@11.0.20
j  org.gradle.internal.dispatch.ReflectionDispatch.dispatch(Lorg/gradle/internal/dispatch/MethodInvocation;)V+19
j  org.gradle.internal.dispatch.ReflectionDispatch.dispatch(Ljava/lang/Object;)V+5
j  org.gradle.internal.remote.internal.hub.MessageHubBackedObjectConnection$DispatchWrapper.dispatch(Lorg/gradle/internal/dispatch/MethodInvocation;)V+5
j  org.gradle.internal.remote.internal.hub.MessageHubBackedObjectConnection$DispatchWrapper.dispatch(Ljava/lang/Object;)V+5
j  org.gradle.internal.remote.internal.hub.MessageHub$Handler.run()V+174
j  org.gradle.internal.concurrent.ExecutorPolicy$CatchAndRecordFailures.onExecute(Ljava/lang/Runnable;)V+1
j  org.gradle.internal.concurrent.ManagedExecutorImpl$1.run()V+25
j  java.util.concurrent.ThreadPoolExecutor.runWorker(Ljava/util/concurrent/ThreadPoolExecutor$Worker;)V+92 java.base@11.0.20
j  java.util.concurrent.ThreadPoolExecutor$Worker.run()V+5 java.base@11.0.20
j  org.gradle.internal.concurrent.ThreadFactoryImpl$ManagedThreadRunnable.run()V+7
j  java.lang.Thread.run()V+11 java.base@11.0.20
v  ~StubRoutines::call_stub

---------------  P R O C E S S  ---------------

Threads class SMR info:
_java_thread_list=0x000001a9c6c91710, length=22, elements={
0x000001a9a7e1a000, 0x000001a9c2924000, 0x000001a9c2926000, 0x000001a9c32a3800,
0x000001a9c292d000, 0x000001a9c2930800, 0x000001a9c2933800, 0x000001a9c294e800,
0x000001a9c3313800, 0x000001a9c33fb800, 0x000001a9c3b06800, 0x000001a9c3b2f000,
0x000001a9c3b0c800, 0x000001a9c37ff000, 0x000001a9c5538000, 0x000001a9c4d1f000,
0x000001a9c36d2800, 0x000001a9c6322000, 0x000001a9c4f2d800, 0x000001a9c4ce6800,
0x000001a9c4ce6000, 0x000001a9c4ce9000
}

Java Threads: ( => current thread )
  0x000001a9a7e1a000 JavaThread "main" [_thread_blocked, id=2176, stack(0x0000005190100000,0x0000005190200000)]
  0x000001a9c2924000 JavaThread "Reference Handler" daemon [_thread_blocked, id=1204, stack(0x0000005190900000,0x0000005190a00000)]
  0x000001a9c2926000 JavaThread "Finalizer" daemon [_thread_blocked, id=9280, stack(0x0000005190a00000,0x0000005190b00000)]
  0x000001a9c32a3800 JavaThread "Signal Dispatcher" daemon [_thread_blocked, id=6712, stack(0x0000005190b00000,0x0000005190c00000)]
  0x000001a9c292d000 JavaThread "Attach Listener" daemon [_thread_blocked, id=5564, stack(0x0000005190c00000,0x0000005190d00000)]
  0x000001a9c2930800 JavaThread "Service Thread" daemon [_thread_blocked, id=1036, stack(0x0000005190d00000,0x0000005190e00000)]
  0x000001a9c2933800 JavaThread "C2 CompilerThread0" daemon [_thread_in_native, id=5516, stack(0x0000005190e00000,0x0000005190f00000)]
  0x000001a9c294e800 JavaThread "C1 CompilerThread0" daemon [_thread_blocked, id=3508, stack(0x0000005190f00000,0x0000005191000000)]
  0x000001a9c3313800 JavaThread "Sweeper thread" daemon [_thread_blocked, id=3136, stack(0x0000005191000000,0x0000005191100000)]
  0x000001a9c33fb800 JavaThread "Common-Cleaner" daemon [_thread_blocked, id=9492, stack(0x0000005191200000,0x0000005191300000)]
=>0x000001a9c3b06800 JavaThread "Test worker" [_thread_in_vm, id=1708, stack(0x0000005191500000,0x0000005191600000)]
  0x000001a9c3b2f000 JavaThread "/127.0.0.1:57574 to /127.0.0.1:57573 workers Thread 2" [_thread_blocked, id=9848, stack(0x0000005191600000,0x0000005191700000)]
  0x000001a9c3b0c800 JavaThread "/127.0.0.1:57574 to /127.0.0.1:57573 workers Thread 3" [_thread_in_native, id=7632, stack(0x0000005191700000,0x0000005191800000)]
  0x000001a9c37ff000 JavaThread "pool-1-thread-1" daemon [_thread_blocked, id=6904, stack(0x0000005191800000,0x0000005191900000)]
  0x000001a9c5538000 JavaThread "pool-1-thread-2" daemon [_thread_blocked, id=10096, stack(0x0000005191900000,0x0000005191a00000)]
  0x000001a9c4d1f000 JavaThread "pool-1-thread-3" daemon [_thread_blocked, id=4328, stack(0x0000005191a00000,0x0000005191b00000)]
  0x000001a9c36d2800 JavaThread "pool-1-thread-4" daemon [_thread_blocked, id=3184, stack(0x0000005191b00000,0x0000005191c00000)]
  0x000001a9c6322000 JavaThread "pool-1-thread-5" daemon [_thread_blocked, id=6892, stack(0x0000005191c00000,0x0000005191d00000)]
  0x000001a9c4f2d800 JavaThread "pool-1-thread-6" daemon [_thread_blocked, id=3724, stack(0x0000005191d00000,0x0000005191e00000)]
  0x000001a9c4ce6800 JavaThread "pool-1-thread-7" daemon [_thread_blocked, id=3388, stack(0x0000005191e00000,0x0000005191f00000)]
  0x000001a9c4ce6000 JavaThread "pool-1-thread-8" daemon [_thread_blocked, id=3676, stack(0x0000005191f00000,0x0000005192000000)]
  0x000001a9c4ce9000 JavaThread "pool-1-thread-9" daemon [_thread_blocked, id=9004, stack(0x0000005192000000,0x0000005192100000)]

Other Threads:
  0x000001a9c28e6000 VMThread "VM Thread" [stack: 0x0000005190800000,0x0000005190900000] [id=9332]
  0x000001a9c33f3000 WatcherThread [stack: 0x0000005191100000,0x0000005191200000] [id=2508]
  0x000001a9a7e30000 GCTaskThread "GC Thread#0" [stack: 0x0000005190300000,0x0000005190400000] [id=1636]
  0x000001a9c362f000 GCTaskThread "GC Thread#1" [stack: 0x0000005191300000,0x0000005191400000] [id=7604]
  0x000001a9a7e40800 ConcurrentGCThread "G1 Main Marker" [stack: 0x0000005190400000,0x0000005190500000] [id=5460]
  0x000001a9a7e42800 ConcurrentGCThread "G1 Conc#0" [stack: 0x0000005190500000,0x0000005190600000] [id=8028]
  0x000001a9a7e8e000 ConcurrentGCThread "G1 Refine#0" [stack: 0x0000005190600000,0x0000005190700000] [id=3488]
  0x000001a9c2750800 ConcurrentGCThread "G1 Young RemSet Sampling" [stack: 0x0000005190700000,0x0000005190800000] [id=5224]

Threads with active compile tasks:
C2 CompilerThread0    13302 3237   !   4       jdk.internal.loader.URLClassPath$JarLoader::getResource (353 bytes)

VM state:not at safepoint (normal execution)

VM Mutex/Monitor currently owned by a thread: None

Heap address: 0x00000000e0000000, size: 512 MB, Compressed Oops mode: 32-bit
Narrow klass base: 0x0000000000000000, Narrow klass shift: 3
Compressed class space size: 1073741824 Address: 0x0000000100000000

Heap:
 garbage-first heap   total 61440K, used 25307K [0x00000000e0000000, 0x0000000100000000)
  region size 1024K, 6 young (6144K), 1 survivors (1024K)
 Metaspace       used 34507K, capacity 35828K, committed 35920K, reserved 1081344K
  class space    used 3986K, capacity 4582K, committed 4608K, reserved 1048576K
Heap Regions: E=young(eden), S=young(survivor), O=old, HS=humongous(starts), HC=humongous(continues), CS=collection set, F=free, A=archive, TAMS=top-at-mark-start (previous, next)
|   0|0x00000000e0000000, 0x00000000e0100000, 0x00000000e0100000|100%| O|  |TAMS 0x00000000e0100000, 0x00000000e0000000| Untracked 
|   1|0x00000000e0100000, 0x00000000e0200000, 0x00000000e0200000|100%| O|  |TAMS 0x00000000e0200000, 0x00000000e0100000| Untracked 
|   2|0x00000000e0200000, 0x00000000e0300000, 0x00000000e0300000|100%| O|  |TAMS 0x00000000e0300000, 0x00000000e0200000| Untracked 
|   3|0x00000000e0300000, 0x00000000e0400000, 0x00000000e0400000|100%| O|  |TAMS 0x00000000e0400000, 0x00000000e0300000| Untracked 
|   4|0x00000000e0400000, 0x00000000e0500000, 0x00000000e0500000|100%| O|  |TAMS 0x00000000e04f5400, 0x00000000e0400000| Untracked 
|   5|0x00000000e0500000, 0x00000000e0600000, 0x00000000e0600000|100%| O|  |TAMS 0x00000000e0500000, 0x00000000e0500000| Untracked 
|   6|0x00000000e0600000, 0x00000000e0700000, 0x00000000e0700000|100%| O|  |TAMS 0x00000000e0600000, 0x00000000e0600000| Untracked 
|   7|0x00000000e0700000, 0x00000000e0800000, 0x00000000e0800000|100%| O|  |TAMS 0x00000000e0700000, 0x00000000e0700000| Untracked 
|   8|0x00000000e0800000, 0x00000000e0900000, 0x00000000e0900000|100%| O|  |TAMS 0x00000000e0800000, 0x00000000e0800000| Untracked 
|   9|0x00000000e0900000, 0x00000000e0a00000, 0x00000000e0a00000|100%| O|  |TAMS 0x00000000e0900000, 0x00000000e0900000| Untracked 
|  10|0x00000000e0a00000, 0x00000000e0b00000, 0x00000000e0b00000|100%| O|  |TAMS 0x00000000e0a00000, 0x00000000e0a00000| Untracked 
|  11|0x00000000e0b00000, 0x00000000e0c00000, 0x00000000e0c00000|100%| O|  |TAMS 0x00000000e0b00000, 0x00000000e0b00000| Untracked 
|  12|0x00000000e0c00000, 0x00000000e0d00000, 0x00000000e0d00000|100%| O|  |TAMS 0x00000000e0c00000, 0x00000000e0c00000| Untracked 
|  13|0x00000000e0d00000, 0x00000000e0e00000, 0x00000000e0e00000|100%| O|  |TAMS 0x00000000e0d00000, 0x00000000e0d00000| Untracked 
|  14|0x00000000e0e00000, 0x00000000e0f00000, 0x00000000e0f00000|100%| O|  |TAMS 0x00000000e0e00000, 0x00000000e0e00000| Untracked 
|  15|0x00000000e0f00000, 0x00000000e1000000, 0x00000000e1000000|100%| O|  |TAMS 0x00000000e0f00000, 0x00000000e0f00000| Untracked 
|  16|0x00000000e1000000, 0x00000000e1100000, 0x00000000e1100000|100%| O|  |TAMS 0x00000000e1000000, 0x00000000e1000000| Untracked 
|  17|0x00000000e1100000, 0x00000000e1200000, 0x00000000e1200000|100%| O|  |TAMS 0x00000000e1100000, 0x00000000e1100000| Untracked 
|  18|0x00000000e1200000, 0x00000000e1300000, 0x00000000e1300000|100%| O|  |TAMS 0x00000000e1200000, 0x00000000e1200000| Untracked 
|  19|0x00000000e1300000, 0x00000000e13b6c00, 0x00000000e1400000| 71%| O|  |TAMS 0x00000000e1300000, 0x00000000e1300000| Untracked 
|  20|0x00000000e1400000, 0x00000000e1400000, 0x00000000e1500000|  0%| F|  |TAMS 0x00000000e1400000, 0x00000000e1400000| Untracked 
|  21|0x00000000e1500000, 0x00000000e1500000, 0x00000000e1600000|  0%| F|  |TAMS 0x00000000e1500000, 0x00000000e1500000| Untracked 
|  22|0x00000000e1600000, 0x00000000e1600000, 0x00000000e1700000|  0%| F|  |TAMS 0x00000000e1600000, 0x00000000e1600000| Untracked 
|  23|0x00000000e1700000, 0x00000000e1700000, 0x00000000e1800000|  0%| F|  |TAMS 0x00000000e1700000, 0x00000000e1700000| Untracked 
|  24|0x00000000e1800000, 0x00000000e1800000, 0x00000000e1900000|  0%| F|  |TAMS 0x00000000e1800000, 0x00000000e1800000| Untracked 
|  25|0x00000000e1900000, 0x00000000e1900000, 0x00000000e1a00000|  0%| F|  |TAMS 0x00000000e1900000, 0x00000000e1900000| Untracked 
|  26|0x00000000e1a00000, 0x00000000e1a00000, 0x00000000e1b00000|  0%| F|  |TAMS 0x00000000e1a00000, 0x00000000e1a00000| Untracked 
|  27|0x00000000e1b00000, 0x00000000e1b00000, 0x00000000e1c00000|  0%| F|  |TAMS 0x00000000e1b00000, 0x00000000e1b00000| Untracked 
|  28|0x00000000e1c00000, 0x00000000e1c00000, 0x00000000e1d00000|  0%| F|  |TAMS 0x00000000e1c00000, 0x00000000e1c00000| Untracked 
|  29|0x00000000e1d00000, 0x00000000e1d00000, 0x00000000e1e00000|  0%| F|  |TAMS 0x00000000e1d00000, 0x00000000e1d00000| Untracked 
|  30|0x00000000e1e00000, 0x00000000e1e00000, 0x00000000e1f00000|  0%| F|  |TAMS 0x00000000e1e00000, 0x00000000e1e00000| Untracked 
|  31|0x00000000e1f00000, 0x00000000e1f00000, 0x00000000e2000000|  0%| F|  |TAMS 0x00000000e1f00000, 0x00000000e1f00000| Untracked 
|  32|0x00000000e2000000, 0x00000000e2000000, 0x00000000e2100000|  0%| F|  |TAMS 0x00000000e2000000, 0x00000000e2000000| Untracked 
|  33|0x00000000e2100000, 0x00000000e2100000, 0x00000000e2200000|  0%| F|  |TAMS 0x00000000e2100000, 0x00000000e2100000| Untracked 
|  34|0x00000000e2200000, 0x00000000e2200000, 0x00000000e2300000|  0%| F|  |TAMS 0x00000000e2200000, 0x00000000e2200000| Untracked 
|  35|0x00000000e2300000, 0x00000000e2300000, 0x00000000e2400000|  0%| F|  |TAMS 0x00000000e2300000, 0x00000000e2300000| Untracked 
|  36|0x00000000e2400000, 0x00000000e2400000, 0x00000000e2500000|  0%| F|  |TAMS 0x00000000e2400000, 0x00000000e2400000| Untracked 
|  37|0x00000000e2500000, 0x00000000e2500000, 0x00000000e2600000|  0%| F|  |TAMS 0x00000000e2500000, 0x00000000e2500000| Untracked 
|  38|0x00000000e2600000, 0x00000000e2700000, 0x00000000e2700000|100%| S|CS|TAMS 0x00000000e2600000, 0x00000000e2600000| Complete 
|  39|0x00000000e2700000, 0x00000000e2700000, 0x00000000e2800000|  0%| F|  |TAMS 0x00000000e2700000, 0x00000000e2700000| Untracked 
|  40|0x00000000e2800000, 0x00000000e2800000, 0x00000000e2900000|  0%| F|  |TAMS 0x00000000e2800000, 0x00000000e2800000| Untracked 
|  41|0x00000000e2900000, 0x00000000e2900000, 0x00000000e2a00000|  0%| F|  |TAMS 0x00000000e2900000, 0x00000000e2900000| Untracked 
|  42|0x00000000e2a00000, 0x00000000e2a00000, 0x00000000e2b00000|  0%| F|  |TAMS 0x00000000e2a00000, 0x00000000e2a00000| Untracked 
|  43|0x00000000e2b00000, 0x00000000e2b00000, 0x00000000e2c00000|  0%| F|  |TAMS 0x00000000e2b00000, 0x00000000e2b00000| Untracked 
|  44|0x00000000e2c00000, 0x00000000e2c00000, 0x00000000e2d00000|  0%| F|  |TAMS 0x00000000e2c00000, 0x00000000e2c00000| Untracked 
|  45|0x00000000e2d00000, 0x00000000e2d00000, 0x00000000e2e00000|  0%| F|  |TAMS 0x00000000e2d00000, 0x00000000e2d00000| Untracked 
|  46|0x00000000e2e00000, 0x00000000e2e00000, 0x00000000e2f00000|  0%| F|  |TAMS 0x00000000e2e00000, 0x00000000e2e00000| Untracked 
|  47|0x00000000e2f00000, 0x00000000e2f00000, 0x00000000e3000000|  0%| F|  |TAMS 0x00000000e2f00000, 0x00000000e2f00000| Untracked 
|  48|0x00000000e3000000, 0x00000000e3000000, 0x00000000e3100000|  0%| F|  |TAMS 0x00000000e3000000, 0x00000000e3000000| Untracked 
|  49|0x00000000e3100000, 0x00000000e3100000, 0x00000000e3200000|  0%| F|  |TAMS 0x00000000e3100000, 0x00000000e3100000| Untracked 
|  50|0x00000000e3200000, 0x00000000e3200000, 0x00000000e3300000|  0%| F|  |TAMS 0x00000000e3200000, 0x00000000e3200000| Untracked 
|  51|0x00000000e3300000, 0x00000000e3300000, 0x00000000e3400000|  0%| F|  |TAMS 0x00000000e3300000, 0x00000000e3300000| Untracked 
|  52|0x00000000e3400000, 0x00000000e3400000, 0x00000000e3500000|  0%| F|  |TAMS 0x00000000e3400000, 0x00000000e3400000| Untracked 
|  53|0x00000000e3500000, 0x00000000e3500000, 0x00000000e3600000|  0%| F|  |TAMS 0x00000000e3500000, 0x00000000e3500000| Untracked 
|  54|0x00000000e3600000, 0x00000000e3600000, 0x00000000e3700000|  0%| F|  |TAMS 0x00000000e3600000, 0x00000000e3600000| Untracked 
|  55|0x00000000e3700000, 0x00000000e37f78c0, 0x00000000e3800000| 96%| E|  |TAMS 0x00000000e3700000, 0x00000000e3700000| Complete 
|  56|0x00000000e3800000, 0x00000000e3900000, 0x00000000e3900000|100%| E|CS|TAMS 0x00000000e3800000, 0x00000000e3800000| Complete 
|  57|0x00000000e3900000, 0x00000000e3a00000, 0x00000000e3a00000|100%| E|CS|TAMS 0x00000000e3900000, 0x00000000e3900000| Complete 
|  58|0x00000000e3a00000, 0x00000000e3b00000, 0x00000000e3b00000|100%| E|CS|TAMS 0x00000000e3a00000, 0x00000000e3a00000| Complete 
|  59|0x00000000e3b00000, 0x00000000e3c00000, 0x00000000e3c00000|100%| E|CS|TAMS 0x00000000e3b00000, 0x00000000e3b00000| Complete 

Card table byte_map: [0x000001a9a7a90000,0x000001a9a7b90000] _byte_map_base: 0x000001a9a7390000

Marking Bits (Prev, Next): (CMBitMap*) 0x000001a9a7e3d820, (CMBitMap*) 0x000001a9a7e3d7e8
 Prev Bits: [0x000001a9bfd30000, 0x000001a9c0530000)
 Next Bits: [0x000001a9bf530000, 0x000001a9bfd30000)

Polling page: 0x000001a9a5d90000

Metaspace:

Usage:
  Non-class:     30.51 MB capacity,    29.81 MB ( 98%) used,   621.45 KB (  2%) free+waste,   104.13 KB ( <1%) overhead. 
      Class:      4.47 MB capacity,     3.89 MB ( 87%) used,   541.13 KB ( 12%) free+waste,    53.94 KB (  1%) overhead. 
       Both:     34.99 MB capacity,    33.70 MB ( 96%) used,     1.14 MB (  3%) free+waste,   158.06 KB ( <1%) overhead. 

Virtual space:
  Non-class space:       32.00 MB reserved,      30.58 MB ( 96%) committed 
      Class space:        1.00 GB reserved,       4.50 MB ( <1%) committed 
             Both:        1.03 GB reserved,      35.08 MB (  3%) committed 

Chunk freelists:
   Non-Class:  34.00 KB
       Class:  26.00 KB
        Both:  60.00 KB

MaxMetaspaceSize: 17179869184.00 GB
CompressedClassSpaceSize: 1.00 GB
Initial GC threshold: 20.80 MB
Current GC threshold: 35.08 MB
CDS: off

CodeHeap 'non-profiled nmethods': size=120064Kb used=1363Kb max_used=1363Kb free=118700Kb
 bounds [0x000001a9b7ff0000, 0x000001a9b8260000, 0x000001a9bf530000]
CodeHeap 'profiled nmethods': size=120000Kb used=7404Kb max_used=7404Kb free=112595Kb
 bounds [0x000001a9b0ac0000, 0x000001a9b1200000, 0x000001a9b7ff0000]
CodeHeap 'non-nmethods': size=5696Kb used=2260Kb max_used=2301Kb free=3435Kb
 bounds [0x000001a9b0530000, 0x000001a9b07a0000, 0x000001a9b0ac0000]
 total_blobs=4062 nmethods=3310 adapters=664
 compilation: enabled
              stopped_count=0, restarted_count=0
 full_count=0

Compilation events (20 events):
Event: 13.100 Thread 0x000001a9c294e800 3305       3       org.codehaus.groovy.runtime.typehandling.DefaultTypeTransformation::castToBoolean (39 bytes)
Event: 13.100 Thread 0x000001a9c294e800 nmethod 3305 0x000001a9b11f1490 code [0x000001a9b11f1680, 0x000001a9b11f1a88]
Event: 13.141 Thread 0x000001a9c294e800 3307       3       java.net.URI$Parser::checkChars (44 bytes)
Event: 13.142 Thread 0x000001a9c294e800 nmethod 3307 0x000001a9b11f1c10 code [0x000001a9b11f1e80, 0x000001a9b11f27c8]
Event: 13.146 Thread 0x000001a9c294e800 3308   !   3       java.net.URL::<init> (543 bytes)
Event: 13.153 Thread 0x000001a9c294e800 nmethod 3308 0x000001a9b11f2b90 code [0x000001a9b11f3280, 0x000001a9b11f7088]
Event: 13.193 Thread 0x000001a9c294e800 3310       3       com.google.common.collect.AbstractIndexedListIterator::next (31 bytes)
Event: 13.194 Thread 0x000001a9c294e800 nmethod 3310 0x000001a9b11f9390 code [0x000001a9b11f9580, 0x000001a9b11f98f8]
Event: 13.194 Thread 0x000001a9c294e800 3311       3       com.google.common.collect.Iterators$11::get (12 bytes)
Event: 13.194 Thread 0x000001a9c294e800 nmethod 3311 0x000001a9b11f9a10 code [0x000001a9b11f9bc0, 0x000001a9b11f9cf8]
Event: 13.195 Thread 0x000001a9c294e800 3312       3       java.util.TreeMap::rightOf (13 bytes)
Event: 13.195 Thread 0x000001a9c294e800 nmethod 3312 0x000001a9b11f9e10 code [0x000001a9b11f9fc0, 0x000001a9b11fa118]
Event: 13.195 Thread 0x000001a9c294e800 3313       3       java.util.TreeMap$KeyIterator::next (8 bytes)
Event: 13.195 Thread 0x000001a9c294e800 nmethod 3313 0x000001a9b11fa210 code [0x000001a9b11fa3c0, 0x000001a9b11fa4e8]
Event: 13.215 Thread 0x000001a9c294e800 3314       1       java.lang.Character::charValue (5 bytes)
Event: 13.216 Thread 0x000001a9c294e800 nmethod 3314 0x000001a9b8137f90 code [0x000001a9b8138140, 0x000001a9b81381f8]
Event: 13.216 Thread 0x000001a9c294e800 3315       3       java.util.LinkedHashMap::keySet (25 bytes)
Event: 13.217 Thread 0x000001a9c294e800 nmethod 3315 0x000001a9b11fa590 code [0x000001a9b11fa760, 0x000001a9b11fab38]
Event: 13.217 Thread 0x000001a9c294e800 3316       3       java.util.LinkedHashMap$LinkedKeySet::iterator (12 bytes)
Event: 13.217 Thread 0x000001a9c294e800 nmethod 3316 0x000001a9b11fac90 code [0x000001a9b11fae60, 0x000001a9b11fb1f8]

GC Heap History (20 events):
Event: 0.911 GC heap before
{Heap before GC invocations=0 (full 0):
 garbage-first heap   total 61440K, used 6144K [0x00000000e0000000, 0x0000000100000000)
  region size 1024K, 7 young (7168K), 0 survivors (0K)
 Metaspace       used 8205K, capacity 8376K, committed 8576K, reserved 1056768K
  class space    used 780K, capacity 854K, committed 896K, reserved 1048576K
}
Event: 0.918 GC heap after
{Heap after GC invocations=1 (full 0):
 garbage-first heap   total 61440K, used 3213K [0x00000000e0000000, 0x0000000100000000)
  region size 1024K, 1 young (1024K), 1 survivors (1024K)
 Metaspace       used 8205K, capacity 8376K, committed 8576K, reserved 1056768K
  class space    used 780K, capacity 854K, committed 896K, reserved 1048576K
}
Event: 1.233 GC heap before
{Heap before GC invocations=1 (full 0):
 garbage-first heap   total 61440K, used 6285K [0x00000000e0000000, 0x0000000100000000)
  region size 1024K, 4 young (4096K), 1 survivors (1024K)
 Metaspace       used 10247K, capacity 10470K, committed 10624K, reserved 1058816K
  class space    used 1008K, capacity 1098K, committed 1152K, reserved 1048576K
}
Event: 1.241 GC heap after
{Heap after GC invocations=2 (full 0):
 garbage-first heap   total 61440K, used 4420K [0x00000000e0000000, 0x0000000100000000)
  region size 1024K, 1 young (1024K), 1 survivors (1024K)
 Metaspace       used 10247K, capacity 10470K, committed 10624K, reserved 1058816K
  class space    used 1008K, capacity 1098K, committed 1152K, reserved 1048576K
}
Event: 3.869 GC heap before
{Heap before GC invocations=2 (full 0):
 garbage-first heap   total 61440K, used 13636K [0x00000000e0000000, 0x0000000100000000)
  region size 1024K, 10 young (10240K), 1 survivors (1024K)
 Metaspace       used 13828K, capacity 14262K, committed 14464K, reserved 1062912K
  class space    used 1459K, capacity 1602K, committed 1664K, reserved 1048576K
}
Event: 3.877 GC heap after
{Heap after GC invocations=3 (full 0):
 garbage-first heap   total 61440K, used 5076K [0x00000000e0000000, 0x0000000100000000)
  region size 1024K, 2 young (2048K), 2 survivors (2048K)
 Metaspace       used 13828K, capacity 14262K, committed 14464K, reserved 1062912K
  class space    used 1459K, capacity 1602K, committed 1664K, reserved 1048576K
}
Event: 6.026 GC heap before
{Heap before GC invocations=3 (full 0):
 garbage-first heap   total 61440K, used 17364K [0x00000000e0000000, 0x0000000100000000)
  region size 1024K, 15 young (15360K), 2 survivors (2048K)
 Metaspace       used 17200K, capacity 17793K, committed 18048K, reserved 1064960K
  class space    used 1853K, capacity 2065K, committed 2176K, reserved 1048576K
}
Event: 6.036 GC heap after
{Heap after GC invocations=4 (full 0):
 garbage-first heap   total 61440K, used 6204K [0x00000000e0000000, 0x0000000100000000)
  region size 1024K, 2 young (2048K), 2 survivors (2048K)
 Metaspace       used 17200K, capacity 17793K, committed 18048K, reserved 1064960K
  class space    used 1853K, capacity 2065K, committed 2176K, reserved 1048576K
}
Event: 7.042 GC heap before
{Heap before GC invocations=4 (full 0):
 garbage-first heap   total 61440K, used 20540K [0x00000000e0000000, 0x0000000100000000)
  region size 1024K, 15 young (15360K), 2 survivors (2048K)
 Metaspace       used 20485K, capacity 21201K, committed 21296K, reserved 1069056K
  class space    used 2164K, capacity 2412K, committed 2432K, reserved 1048576K
}
Event: 7.055 GC heap after
{Heap after GC invocations=5 (full 0):
 garbage-first heap   total 61440K, used 10091K [0x00000000e0000000, 0x0000000100000000)
  region size 1024K, 3 young (3072K), 3 survivors (3072K)
 Metaspace       used 20485K, capacity 21201K, committed 21296K, reserved 1069056K
  class space    used 2164K, capacity 2412K, committed 2432K, reserved 1048576K
}
Event: 8.336 GC heap before
{Heap before GC invocations=6 (full 0):
 garbage-first heap   total 61440K, used 28523K [0x00000000e0000000, 0x0000000100000000)
  region size 1024K, 22 young (22528K), 3 survivors (3072K)
 Metaspace       used 22857K, capacity 23810K, committed 24112K, reserved 1071104K
  class space    used 2475K, capacity 2840K, committed 2944K, reserved 1048576K
}
Event: 8.370 GC heap after
{Heap after GC invocations=7 (full 0):
 garbage-first heap   total 61440K, used 11719K [0x00000000e0000000, 0x0000000100000000)
  region size 1024K, 3 young (3072K), 3 survivors (3072K)
 Metaspace       used 22857K, capacity 23810K, committed 24112K, reserved 1071104K
  class space    used 2475K, capacity 2840K, committed 2944K, reserved 1048576K
}
Event: 9.341 GC heap before
{Heap before GC invocations=7 (full 0):
 garbage-first heap   total 61440K, used 33223K [0x00000000e0000000, 0x0000000100000000)
  region size 1024K, 24 young (24576K), 3 survivors (3072K)
 Metaspace       used 24908K, capacity 25996K, committed 26160K, reserved 1073152K
  class space    used 2666K, capacity 3100K, committed 3200K, reserved 1048576K
}
Event: 9.360 GC heap after
{Heap after GC invocations=8 (full 0):
 garbage-first heap   total 61440K, used 14320K [0x00000000e0000000, 0x0000000100000000)
  region size 1024K, 3 young (3072K), 3 survivors (3072K)
 Metaspace       used 24908K, capacity 25996K, committed 26160K, reserved 1073152K
  class space    used 2666K, capacity 3100K, committed 3200K, reserved 1048576K
}
Event: 10.192 GC heap before
{Heap before GC invocations=8 (full 0):
 garbage-first heap   total 61440K, used 35824K [0x00000000e0000000, 0x0000000100000000)
  region size 1024K, 24 young (24576K), 3 survivors (3072K)
 Metaspace       used 26747K, capacity 27924K, committed 28208K, reserved 1075200K
  class space    used 2940K, capacity 3385K, committed 3456K, reserved 1048576K
}
Event: 10.206 GC heap after
{Heap after GC invocations=9 (full 0):
 garbage-first heap   total 61440K, used 16475K [0x00000000e0000000, 0x0000000100000000)
  region size 1024K, 3 young (3072K), 3 survivors (3072K)
 Metaspace       used 26747K, capacity 27924K, committed 28208K, reserved 1075200K
  class space    used 2940K, capacity 3385K, committed 3456K, reserved 1048576K
}
Event: 11.701 GC heap before
{Heap before GC invocations=9 (full 0):
 garbage-first heap   total 61440K, used 39003K [0x00000000e0000000, 0x0000000100000000)
  region size 1024K, 25 young (25600K), 3 survivors (3072K)
 Metaspace       used 29880K, capacity 31157K, committed 31280K, reserved 1077248K
  class space    used 3357K, capacity 3900K, committed 3968K, reserved 1048576K
}
Event: 11.727 GC heap after
{Heap after GC invocations=10 (full 0):
 garbage-first heap   total 61440K, used 20128K [0x00000000e0000000, 0x0000000100000000)
  region size 1024K, 4 young (4096K), 4 survivors (4096K)
 Metaspace       used 29880K, capacity 31157K, committed 31280K, reserved 1077248K
  class space    used 3357K, capacity 3900K, committed 3968K, reserved 1048576K
}
Event: 12.947 GC heap before
{Heap before GC invocations=10 (full 0):
 garbage-first heap   total 61440K, used 40608K [0x00000000e0000000, 0x0000000100000000)
  region size 1024K, 25 young (25600K), 4 survivors (4096K)
 Metaspace       used 33645K, capacity 34940K, committed 35120K, reserved 1079296K
  class space    used 3856K, capacity 4414K, committed 4480K, reserved 1048576K
}
Event: 12.967 GC heap after
{Heap after GC invocations=11 (full 0):
 garbage-first heap   total 61440K, used 21211K [0x00000000e0000000, 0x0000000100000000)
  region size 1024K, 1 young (1024K), 1 survivors (1024K)
 Metaspace       used 33645K, capacity 34940K, committed 35120K, reserved 1079296K
  class space    used 3856K, capacity 4414K, committed 4480K, reserved 1048576K
}

Deoptimization events (20 events):
Event: 12.105 Thread 0x000001a9c4d1f000 Uncommon trap: trap_request=0xffffffc6 fr.pc=0x000001a9b812fbe4 relative=0x00000000000002a4
Event: 12.105 Thread 0x000001a9c4d1f000 Uncommon trap: reason=bimorphic_or_optimized_type_check action=maybe_recompile pc=0x000001a9b812fbe4 method=java.util.Collections$UnmodifiableCollection$1.next()Ljava/lang/Object; @ 4 c2
Event: 12.105 Thread 0x000001a9c4d1f000 DEOPT PACKING pc=0x000001a9b812fbe4 sp=0x0000005191afeca0
Event: 12.105 Thread 0x000001a9c4d1f000 DEOPT UNPACKING pc=0x000001a9b057a1a9 sp=0x0000005191afec70 mode 2
Event: 12.582 Thread 0x000001a9c3b06800 Uncommon trap: trap_request=0xffffffde fr.pc=0x000001a9b80a2e84 relative=0x0000000000000064
Event: 12.582 Thread 0x000001a9c3b06800 Uncommon trap: reason=class_check action=maybe_recompile pc=0x000001a9b80a2e84 method=java.util.LinkedHashMap.afterNodeInsertion(Z)V @ 15 c2
Event: 12.582 Thread 0x000001a9c3b06800 DEOPT PACKING pc=0x000001a9b80a2e84 sp=0x00000051915f8ff0
Event: 12.582 Thread 0x000001a9c3b06800 DEOPT UNPACKING pc=0x000001a9b057a1a9 sp=0x00000051915f8f68 mode 2
Event: 12.867 Thread 0x000001a9c3b06800 Uncommon trap: trap_request=0xffffff4d fr.pc=0x000001a9b801dbf8 relative=0x00000000000003b8
Event: 12.867 Thread 0x000001a9c3b06800 Uncommon trap: reason=unstable_if action=reinterpret pc=0x000001a9b801dbf8 method=java.lang.AbstractStringBuilder.putStringAt(ILjava/lang/String;)V @ 8 c2
Event: 12.867 Thread 0x000001a9c3b06800 DEOPT PACKING pc=0x000001a9b801dbf8 sp=0x00000051915f7860
Event: 12.867 Thread 0x000001a9c3b06800 DEOPT UNPACKING pc=0x000001a9b057a1a9 sp=0x00000051915f77b0 mode 2
Event: 12.867 Thread 0x000001a9c3b06800 Uncommon trap: trap_request=0xffffff4d fr.pc=0x000001a9b8031560 relative=0x00000000000000c0
Event: 12.867 Thread 0x000001a9c3b06800 Uncommon trap: reason=unstable_if action=reinterpret pc=0x000001a9b8031560 method=java.lang.String.getBytes([BIB)V @ 5 c2
Event: 12.867 Thread 0x000001a9c3b06800 DEOPT PACKING pc=0x000001a9b8031560 sp=0x00000051915f7760
Event: 12.867 Thread 0x000001a9c3b06800 DEOPT UNPACKING pc=0x000001a9b057a1a9 sp=0x00000051915f7728 mode 2
Event: 13.128 Thread 0x000001a9c3b06800 Uncommon trap: trap_request=0xffffff4d fr.pc=0x000001a9b80ca238 relative=0x00000000000011f8
Event: 13.128 Thread 0x000001a9c3b06800 Uncommon trap: reason=unstable_if action=reinterpret pc=0x000001a9b80ca238 method=java.net.URL.<init>(Ljava/net/URL;Ljava/lang/String;Ljava/net/URLStreamHandler;)V @ 441 c2
Event: 13.128 Thread 0x000001a9c3b06800 DEOPT PACKING pc=0x000001a9b80ca238 sp=0x00000051915f8c20
Event: 13.128 Thread 0x000001a9c3b06800 DEOPT UNPACKING pc=0x000001a9b057a1a9 sp=0x00000051915f8bd0 mode 2

Classes redefined (0 events):
No events

Internal exceptions (20 events):
Event: 11.232 Thread 0x000001a9c3b06800 Exception <a 'java/lang/ClassNotFoundException'{0x00000000e2812e58}: io/restassured/parsing/ParserCustomizer> (0x00000000e2812e58) thrown at [s\src\hotspot\share\classfile\systemDictionary.cpp, line 230]
Event: 11.238 Thread 0x000001a9c3b06800 Exception <a 'java/lang/ClassNotFoundException'{0x00000000e282ffc0}: io/restassured/internal/path/json/JsonPrettifierBeanInfo> (0x00000000e282ffc0) thrown at [s\src\hotspot\share\classfile\systemDictionary.cpp, line 230]
Event: 11.239 Thread 0x000001a9c3b06800 Exception <a 'java/lang/ClassNotFoundException'{0x00000000e2838968}: io/restassured/internal/path/json/JsonPrettifierCustomizer> (0x00000000e2838968) thrown at [s\src\hotspot\share\classfile\systemDictionary.cpp, line 230]
Event: 11.269 Thread 0x000001a9c3b06800 Exception <a 'java/lang/ClassNotFoundException'{0x00000000e28b9618}: groovy/json/JsonTokenType$1BeanInfo> (0x00000000e28b9618) thrown at [s\src\hotspot\share\classfile\systemDictionary.cpp, line 230]
Event: 11.269 Thread 0x000001a9c3b06800 Exception <a 'java/lang/ClassNotFoundException'{0x00000000e28c32b8}: groovy/json/JsonTokenType$1Customizer> (0x00000000e28c32b8) thrown at [s\src\hotspot\share\classfile\systemDictionary.cpp, line 230]
Event: 11.642 Thread 0x000001a9c3b06800 Exception <a 'java/lang/ClassNotFoundException'{0x00000000e27bcc40}: org/hamcrest/MatchersBeanInfo> (0x00000000e27bcc40) thrown at [s\src\hotspot\share\classfile\systemDictionary.cpp, line 230]
Event: 11.643 Thread 0x000001a9c3b06800 Exception <a 'java/lang/ClassNotFoundException'{0x00000000e27c3cc0}: org/hamcrest/MatchersCustomizer> (0x00000000e27c3cc0) thrown at [s\src\hotspot\share\classfile\systemDictionary.cpp, line 230]
Event: 11.676 Thread 0x000001a9c3b06800 Exception <a 'java/lang/ClassNotFoundException'{0x00000000e26c6ba8}: org/hamcrest/core/IsEqualBeanInfo> (0x00000000e26c6ba8) thrown at [s\src\hotspot\share\classfile\systemDictionary.cpp, line 230]
Event: 11.677 Thread 0x000001a9c3b06800 Exception <a 'java/lang/ClassNotFoundException'{0x00000000e26ce470}: org/hamcrest/BaseMatcherBeanInfo> (0x00000000e26ce470) thrown at [s\src\hotspot\share\classfile\systemDictionary.cpp, line 230]
Event: 11.678 Thread 0x000001a9c3b06800 Exception <a 'java/lang/ClassNotFoundException'{0x00000000e26d6020}: org/hamcrest/BaseMatcherCustomizer> (0x00000000e26d6020) thrown at [s\src\hotspot\share\classfile\systemDictionary.cpp, line 230]
Event: 11.693 Thread 0x000001a9c3b06800 Exception <a 'java/lang/ClassNotFoundException'{0x00000000e26e11c8}: org/hamcrest/core/IsEqualCustomizer> (0x00000000e26e11c8) thrown at [s\src\hotspot\share\classfile\systemDictionary.cpp, line 230]
Event: 13.080 Thread 0x000001a9c3b06800 Exception <a 'java/lang/ClassNotFoundException'{0x00000000e398aed0}: io/restassured/internal/assertion/BodyMatcherBeanInfo> (0x00000000e398aed0) thrown at [s\src\hotspot\share\classfile\systemDictionary.cpp, line 230]
Event: 13.081 Thread 0x000001a9c3b06800 Exception <a 'java/lang/ClassNotFoundException'{0x00000000e3993d40}: io/restassured/internal/assertion/BodyMatcherCustomizer> (0x00000000e3993d40) thrown at [s\src\hotspot\share\classfile\systemDictionary.cpp, line 230]
Event: 13.088 Thread 0x000001a9c3b06800 Exception <a 'java/lang/ClassNotFoundException'{0x00000000e39b0340}: groovy/runtime/metaclass/[Lorg/hamcrest/Matcher;MetaClass> (0x00000000e39b0340) thrown at [s\src\hotspot\share\prims\jni.cpp, line 638]
Event: 13.093 Thread 0x000001a9c3b06800 Exception <a 'java/lang/ClassNotFoundException'{0x00000000e39b7858}: [Lorg/hamcrest/Matcher;BeanInfo> (0x00000000e39b7858) thrown at [s\src\hotspot\share\prims\jni.cpp, line 638]
Event: 13.093 Thread 0x000001a9c3b06800 Exception <a 'java/lang/ClassNotFoundException'{0x00000000e39b8610}: [Lorg/hamcrest/Matcher;BeanInfo> (0x00000000e39b8610) thrown at [s\src\hotspot\share\prims\jni.cpp, line 638]
Event: 13.093 Thread 0x000001a9c3b06800 Exception <a 'java/lang/ClassNotFoundException'{0x00000000e39b93c8}: [Lorg/hamcrest/Matcher;BeanInfo> (0x00000000e39b93c8) thrown at [s\src\hotspot\share\prims\jni.cpp, line 638]
Event: 13.095 Thread 0x000001a9c3b06800 Exception <a 'java/lang/ClassNotFoundException'{0x00000000e39ba250}: [Lorg/hamcrest/Matcher;Customizer> (0x00000000e39ba250) thrown at [s\src\hotspot\share\prims\jni.cpp, line 638]
Event: 13.095 Thread 0x000001a9c3b06800 Exception <a 'java/lang/ClassNotFoundException'{0x00000000e39bb010}: [Lorg/hamcrest/Matcher;Customizer> (0x00000000e39bb010) thrown at [s\src\hotspot\share\prims\jni.cpp, line 638]
Event: 13.095 Thread 0x000001a9c3b06800 Exception <a 'java/lang/ClassNotFoundException'{0x00000000e39bbdd0}: [Lorg/hamcrest/Matcher;Customizer> (0x00000000e39bbdd0) thrown at [s\src\hotspot\share\prims\jni.cpp, line 638]

Events (20 events):
Event: 13.205 loading class com/google/common/collect/UsingToStringOrdering
Event: 13.205 loading class com/google/common/collect/UsingToStringOrdering done
Event: 13.206 loading class com/google/common/collect/LexicographicalOrdering
Event: 13.206 loading class com/google/common/collect/LexicographicalOrdering done
Event: 13.207 loading class com/google/common/collect/AllEqualOrdering
Event: 13.207 loading class com/google/common/collect/AllEqualOrdering done
Event: 13.207 loading class com/google/common/collect/CompoundOrdering
Event: 13.207 loading class com/google/common/collect/CompoundOrdering done
Event: 13.208 loading class com/google/common/collect/ExplicitOrdering
Event: 13.208 loading class com/google/common/collect/ExplicitOrdering done
Event: 13.210 loading class com/google/common/collect/NaturalOrdering
Event: 13.210 loading class com/google/common/collect/NaturalOrdering done
Event: 13.211 loading class com/google/common/collect/ByFunctionOrdering
Event: 13.211 loading class com/google/common/collect/ByFunctionOrdering done
Event: 13.212 loading class com/google/common/collect/ReverseNaturalOrdering
Event: 13.212 loading class com/google/common/collect/ReverseNaturalOrdering done
Event: 13.212 loading class com/google/common/collect/Iterables
Event: 13.212 loading class com/google/common/collect/Iterables done
Event: 13.218 loading class com/github/fge/jsonschema/core/util/RegexECMA262Helper
Event: 13.218 loading class com/github/fge/jsonschema/core/util/RegexECMA262Helper done


Dynamic libraries:
0x00007ff6b86f0000 - 0x00007ff6b86fd000 	C:\Users\1\.jdks\corretto-11.0.20\bin\java.exe
0x00007fff195b0000 - 0x00007fff197a7000 	C:\WINDOWS\SYSTEM32\ntdll.dll
0x00007fff185b0000 - 0x00007fff1866d000 	C:\WINDOWS\System32\KERNEL32.DLL
0x00007fff17310000 - 0x00007fff17606000 	C:\WINDOWS\System32\KERNELBASE.dll
0x00007fff16e50000 - 0x00007fff16f50000 	C:\WINDOWS\System32\ucrtbase.dll
0x00007fff14350000 - 0x00007fff14367000 	C:\Users\1\.jdks\corretto-11.0.20\bin\jli.dll
0x00007fff19270000 - 0x00007fff1940e000 	C:\WINDOWS\System32\USER32.dll
0x00007fff17120000 - 0x00007fff17142000 	C:\WINDOWS\System32\win32u.dll
0x00007fff18f30000 - 0x00007fff18f5c000 	C:\WINDOWS\System32\GDI32.dll
0x00007fff17150000 - 0x00007fff1726a000 	C:\WINDOWS\System32\gdi32full.dll
0x00007fff17270000 - 0x00007fff1730d000 	C:\WINDOWS\System32\msvcp_win.dll
0x00007fff12660000 - 0x00007fff12679000 	C:\Users\1\.jdks\corretto-11.0.20\bin\VCRUNTIME140.dll
0x00007fff09070000 - 0x00007fff0930a000 	C:\WINDOWS\WinSxS\amd64_microsoft.windows.common-controls_6595b64144ccf1df_6.0.19041.3570_none_60bb2a3971f3e41a\COMCTL32.dll
0x00007fff18780000 - 0x00007fff1881e000 	C:\WINDOWS\System32\msvcrt.dll
0x00007fff18c90000 - 0x00007fff18cc0000 	C:\WINDOWS\System32\IMM32.DLL
0x00007fff165e0000 - 0x00007fff16610000 	C:\WINDOWS\system32\DriverStore\FileRepository\nvacwu.inf_amd64_bdd6ea477d4e2fba\nvinitx.dll
0x00007fff19410000 - 0x00007fff194be000 	C:\WINDOWS\System32\ADVAPI32.dll
0x00007fff18670000 - 0x00007fff1870c000 	C:\WINDOWS\System32\sechost.dll
0x00007fff190c0000 - 0x00007fff191e6000 	C:\WINDOWS\System32\RPCRT4.dll
0x00007fff165d0000 - 0x00007fff165da000 	C:\WINDOWS\SYSTEM32\VERSION.dll
0x00007fff17c50000 - 0x00007fff18394000 	C:\WINDOWS\System32\Shell32.dll
0x00007fff14cf0000 - 0x00007fff1548b000 	C:\WINDOWS\SYSTEM32\windows.storage.dll
0x00007fff178f0000 - 0x00007fff17c44000 	C:\WINDOWS\System32\combase.dll
0x00007fff166d0000 - 0x00007fff166fd000 	C:\WINDOWS\SYSTEM32\Wldp.dll
0x00007fff194c0000 - 0x00007fff1956d000 	C:\WINDOWS\System32\SHCORE.dll
0x00007fff18710000 - 0x00007fff18765000 	C:\WINDOWS\System32\shlwapi.dll
0x0000000052cb0000 - 0x0000000052cb6000 	C:\Program Files\NVIDIA Corporation\CoProcManager\_etoured.dll
0x00007fff12460000 - 0x00007fff1249b000 	C:\Program Files\NVIDIA Corporation\CoProcManager\nvd3d9wrapx.dll
0x00007fff18820000 - 0x00007fff18c8e000 	C:\WINDOWS\System32\SETUPAPI.dll
0x00007fff16d70000 - 0x00007fff16dbe000 	C:\WINDOWS\System32\cfgmgr32.dll
0x00007fff16c90000 - 0x00007fff16cb7000 	C:\WINDOWS\System32\bcrypt.dll
0x00007fff12290000 - 0x00007fff122b4000 	C:\Program Files\NVIDIA Corporation\CoProcManager\nvdxgiwrapx.dll
0x00007fff109c0000 - 0x00007fff10a5b000 	C:\Users\1\.jdks\corretto-11.0.20\bin\msvcp140.dll
0x00007ffef21e0000 - 0x00007ffef2d6b000 	C:\Users\1\.jdks\corretto-11.0.20\bin\server\jvm.dll
0x00007fff18470000 - 0x00007fff18478000 	C:\WINDOWS\System32\PSAPI.DLL
0x00007fff10ff0000 - 0x00007fff10ff9000 	C:\WINDOWS\SYSTEM32\WSOCK32.dll
0x00007fff18f60000 - 0x00007fff18fcb000 	C:\WINDOWS\System32\WS2_32.dll
0x00007fff04a30000 - 0x00007fff04a57000 	C:\WINDOWS\SYSTEM32\WINMM.dll
0x00007fff14af0000 - 0x00007fff14b02000 	C:\WINDOWS\SYSTEM32\kernel.appcore.dll
0x00007fff126f0000 - 0x00007fff12700000 	C:\Users\1\.jdks\corretto-11.0.20\bin\verify.dll
0x00007fff065c0000 - 0x00007fff067a4000 	C:\WINDOWS\SYSTEM32\DBGHELP.DLL
0x00007fff06580000 - 0x00007fff065b4000 	C:\WINDOWS\SYSTEM32\dbgcore.DLL
0x00007fff16dc0000 - 0x00007fff16e42000 	C:\WINDOWS\System32\bcryptPrimitives.dll
0x00007fff10b90000 - 0x00007fff10bb8000 	C:\Users\1\.jdks\corretto-11.0.20\bin\java.dll
0x00007fff12650000 - 0x00007fff1265a000 	C:\Users\1\.jdks\corretto-11.0.20\bin\jimage.dll
0x00007fff117c0000 - 0x00007fff117d8000 	C:\Users\1\.jdks\corretto-11.0.20\bin\zip.dll
0x00007fff16bc0000 - 0x00007fff16be5000 	C:\WINDOWS\SYSTEM32\profapi.dll
0x00007fff10b70000 - 0x00007fff10b89000 	C:\Users\1\.jdks\corretto-11.0.20\bin\net.dll
0x00007fff0cb00000 - 0x00007fff0cc0a000 	C:\WINDOWS\SYSTEM32\WINHTTP.dll
0x00007fff16370000 - 0x00007fff163da000 	C:\WINDOWS\system32\mswsock.dll
0x00007fff10950000 - 0x00007fff10963000 	C:\Users\1\.jdks\corretto-11.0.20\bin\nio.dll
0x00007fff16560000 - 0x00007fff16578000 	C:\WINDOWS\SYSTEM32\CRYPTSP.dll
0x00007fff15c30000 - 0x00007fff15c64000 	C:\WINDOWS\system32\rsaenh.dll
0x00007fff16b80000 - 0x00007fff16bae000 	C:\WINDOWS\SYSTEM32\USERENV.dll
0x00007fff16590000 - 0x00007fff1659c000 	C:\WINDOWS\SYSTEM32\CRYPTBASE.dll
0x00007fff16070000 - 0x00007fff160ab000 	C:\WINDOWS\SYSTEM32\IPHLPAPI.DLL
0x00007fff18770000 - 0x00007fff18778000 	C:\WINDOWS\System32\NSI.dll
0x00007fff0d9e0000 - 0x00007fff0d9f7000 	C:\WINDOWS\SYSTEM32\dhcpcsvc6.DLL
0x00007fff0f470000 - 0x00007fff0f48d000 	C:\WINDOWS\SYSTEM32\dhcpcsvc.DLL
0x00007fff160b0000 - 0x00007fff1617a000 	C:\WINDOWS\SYSTEM32\DNSAPI.dll
0x00007fff10e50000 - 0x00007fff10e75000 	C:\Users\1\.jdks\corretto-11.0.20\bin\sunec.dll
0x00007fff09a50000 - 0x00007fff09a5a000 	C:\Windows\System32\rasadhlp.dll
0x00007fff0aa00000 - 0x00007fff0aa82000 	C:\WINDOWS\System32\fwpuclnt.dll

dbghelp: loaded successfully - version: 4.0.5 - missing functions: none
symbol engine: initialized successfully - sym options: 0x614 - pdb path: .;C:\Users\1\.jdks\corretto-11.0.20\bin;C:\WINDOWS\SYSTEM32;C:\WINDOWS\WinSxS\amd64_microsoft.windows.common-controls_6595b64144ccf1df_6.0.19041.3570_none_60bb2a3971f3e41a;C:\WINDOWS\system32\DriverStore\FileRepository\nvacwu.inf_amd64_bdd6ea477d4e2fba;C:\Program Files\NVIDIA Corporation\CoProcManager;C:\Users\1\.jdks\corretto-11.0.20\bin\server

VM Arguments:
jvm_args: -Dorg.gradle.native=false -Xmx512m -Dfile.encoding=windows-1251 -Duser.country=RU -Duser.language=ru -Duser.variant -ea 
java_command: worker.org.gradle.process.internal.worker.GradleWorkerMain 'Gradle Test Executor 2'
java_class_path (initial): C:\\Users\\1\\.gradle\\caches\\6.7\\workerMain\\gradle-worker.jar;C:\\Users\\1\\IdeaProjects\\Idea0202\\rest\\build\\classes\\java\\test;C:\\Users\\1\\IdeaProjects\\Idea0202\\rest\\build\\resources\\test;C:\\Users\\1\\IdeaProjects\\Idea0202\\rest\\build\\classes\\java\\main;C:\\Users\\1\\IdeaProjects\\Idea0202\\rest\\build\\resources\\main;C:\\Users\\1\\.gradle\\caches\\modules-2\\files-2.1\\io.rest-assured\\rest-assured\\5.3.1\\af94179b7dc7d7d1cdfec3854afacccb818d260\\rest-assured-5.3.1.jar;C:\\Users\\1\\.gradle\\caches\\modules-2\\files-2.1\\org.junit.jupiter\\junit-jupiter-params\\5.6.1\\3a9033e0bde8085cb357b20b220f2e1aae429f52\\junit-jupiter-params-5.6.1.jar;C:\\Users\\1\\.gradle\\caches\\modules-2\\files-2.1\\org.junit.jupiter\\junit-jupiter-engine\\5.6.1\\f9686cdeb1b70e7928656379b1a116450a391ea2\\junit-jupiter-engine-5.6.1.jar;C:\\Users\\1\\.gradle\\caches\\modules-2\\files-2.1\\org.junit.jupiter\\junit-jupiter-api\\5.6.1\\552e8b1410c1e210841a9b7e0dab65b5dcb8208b\\junit-jupiter-api-5.6.1.jar;C:\\Users\\1\\.gradle\\caches\\modules-2\\files-2.1\\org.junit.platform\\junit-platform-engine\\1.6.1\\e93ddd6d2e6e7d1ff6439fe61ab6a862edb066f7\\junit-platform-engine-1.6.1.jar;C:\\Users\\1\\.gradle\\caches\\modules-2\\files-2.1\\org.junit.platform\\junit-platform-commons\\1.6.1\\3211988f6980e1bd68e2b4049f32c2076a0b93ed\\junit-platform-commons-1.6.1.jar;C:\\Users\\1\\.gradle\\caches\\modules-2\\files-2.1\\org.junit.jupiter\\junit-jupiter\\5.6.1\\4ae716895f1ee8a5720c02c8f2ae749bf7f7de18\\junit-jupiter-5.6.1.jar;C:\\Users\\1\\.gradle\\caches\\modules-2\\files-2.1\\io.rest-assured\\json-schema-validator\\4.3.1\\9937bd04a54bea9b2639849f099b799cd206c2a2\\json-schema-validator-4.3.1.jar;C:\\Users\\1\\.gradle\\caches\\modules-2\\files-2.1\\io.rest-assured\\xml-path\\5.3.1\\244e4b5d2cc70eda7c7c4c5654fb097dc8024f57\\xml-path-5.3.1.jar;C:\\Users\\1\\.gradle\\caches\\modules-2\\files-2.1\\io.rest-assured\\json-path\\5.3.1\\224411e4bd0a268101d8569777786c92
Launcher Type: SUN_STANDARD

[Global flags]
     intx CICompilerCount                          = 2                                         {product} {ergonomic}
     uint ConcGCThreads                            = 1                                         {product} {ergonomic}
     uint G1ConcRefinementThreads                  = 2                                         {product} {ergonomic}
   size_t G1HeapRegionSize                         = 1048576                                   {product} {ergonomic}
    uintx GCDrainStackTargetSize                   = 64                                        {product} {ergonomic}
   size_t InitialHeapSize                          = 62914560                                  {product} {ergonomic}
   size_t MarkStackSize                            = 4194304                                   {product} {ergonomic}
   size_t MaxHeapSize                              = 536870912                                 {product} {command line}
   size_t MaxNewSize                               = 321912832                                 {product} {ergonomic}
   size_t MinHeapDeltaBytes                        = 1048576                                   {product} {ergonomic}
    uintx NonNMethodCodeHeapSize                   = 5825164                                {pd product} {ergonomic}
    uintx NonProfiledCodeHeapSize                  = 122916538                              {pd product} {ergonomic}
    uintx ProfiledCodeHeapSize                     = 122916538                              {pd product} {ergonomic}
    uintx ReservedCodeCacheSize                    = 251658240                              {pd product} {ergonomic}
     bool SegmentedCodeCache                       = true                                      {product} {ergonomic}
     bool UseCompressedClassPointers               = true                                 {lp64_product} {ergonomic}
     bool UseCompressedOops                        = true                                 {lp64_product} {ergonomic}
     bool UseG1GC                                  = true                                      {product} {ergonomic}
     bool UseLargePagesIndividualAllocation        = false                                  {pd product} {ergonomic}

Logging:
Log output configuration:
 #0: stdout all=warning uptime,level,tags
 #1: stderr all=off uptime,level,tags

Environment Variables:
PATH=C:\Program Files\Eclipse Adoptium\jdk-11.0.19.7-hotspot\bin;C:\WINDOWS\system32;C:\WINDOWS;C:\WINDOWS\System32\Wbem;C:\WINDOWS\System32\WindowsPowerShell\v1.0\;C:\WINDOWS\System32\OpenSSH\;C:\Program Files\Git\cmd;C:\Users\1\AppData\Local\Microsoft\WindowsApps;;C:\Users\1\AppData\Local\Programs\Microsoft VS Code\bin
USERNAME=1
OS=Windows_NT
PROCESSOR_IDENTIFIER=Intel64 Family 6 Model 37 Stepping 5, GenuineIntel
TMP=C:\Users\1\AppData\Local\Temp
TEMP=C:\Users\1\AppData\Local\Temp



---------------  S Y S T E M  ---------------

OS: Windows 10 , 64 bit Build 19041 (10.0.19041.3570)
OS uptime: 0 days 0:39 hours

CPU:total 2 (initial active 2) (2 cores per cpu, 1 threads per core) family 6 model 37 stepping 5 microcode 0x7, cmov, cx8, fxsr, mmx, sse, sse2, sse3, ssse3, popcnt, tsc, tscinvbit

Memory: 4k page, system-wide physical 3766M (269M free)
TotalPageFile size 5814M (AvailPageFile size 9M)
current process WorkingSet (physical memory assigned to process): 156M, peak: 160M
current process commit charge ("private bytes"): 196M, peak: 201M

vm_info: OpenJDK 64-Bit Server VM (11.0.20+8-LTS) for windows-amd64 JRE (11.0.20+8-LTS), built on Jul 11 2023 19:58:45 by "Administrator" with MS VC++ 15.9 (VS2017)

END.
